This is pdfTeX, Version 3.14159265-2.6-1.40.18 (TeX Live 2017/Arch Linux) (preloaded format=pdflatex 2017.11.20)  23 NOV 2017 22:04
entering extended mode
 restricted \write18 enabled.
 %&-line parsing enabled.
**index.tex
(./index.tex
LaTeX2e <2017-04-15>
Babel <3.15> and hyphenation patterns for 84 language(s) loaded.
(./llncs.cls
Document Class: llncs 2010/07/12 v2.17 
 LaTeX document class for Lecture Notes in Computer Science
(/usr/share/texmf-dist/tex/latex/base/article.cls
Document Class: article 2014/09/29 v1.4h Standard LaTeX document class
(/usr/share/texmf-dist/tex/latex/base/size10.clo
File: size10.clo 2014/09/29 v1.4h Standard LaTeX file (size option)
)
\c@part=\count79
\c@section=\count80
\c@subsection=\count81
\c@subsubsection=\count82
\c@paragraph=\count83
\c@subparagraph=\count84
\c@figure=\count85
\c@table=\count86
\abovecaptionskip=\skip41
\belowcaptionskip=\skip42
\bibindent=\dimen102
)
(/usr/share/texmf-dist/tex/latex/tools/multicol.sty
Package: multicol 2017/04/11 v1.8q multicolumn formatting (FMi)
\c@tracingmulticols=\count87
\mult@box=\box26
\multicol@leftmargin=\dimen103
\c@unbalance=\count88
\c@collectmore=\count89
\doublecol@number=\count90
\multicoltolerance=\count91
\multicolpretolerance=\count92
\full@width=\dimen104
\page@free=\dimen105
\premulticols=\dimen106
\postmulticols=\dimen107
\multicolsep=\skip43
\multicolbaselineskip=\skip44
\partial@page=\box27
\last@line=\box28
\maxbalancingoverflow=\dimen108
\mult@rightbox=\box29
\mult@grightbox=\box30
\mult@gfirstbox=\box31
\mult@firstbox=\box32
\@tempa=\box33
\@tempa=\box34
\@tempa=\box35
\@tempa=\box36
\@tempa=\box37
\@tempa=\box38
\@tempa=\box39
\@tempa=\box40
\@tempa=\box41
\@tempa=\box42
\@tempa=\box43
\@tempa=\box44
\@tempa=\box45
\@tempa=\box46
\@tempa=\box47
\@tempa=\box48
\@tempa=\box49
\c@columnbadness=\count93
\c@finalcolumnbadness=\count94
\last@try=\dimen109
\multicolovershoot=\dimen110
\multicolundershoot=\dimen111
\mult@nat@firstbox=\box50
\colbreak@box=\box51
\mc@col@check@num=\count95
)
(/usr/share/texmf-dist/tex/latex/oberdiek/aliascnt.sty
Package: aliascnt 2016/05/16 v1.4 Alias counters (HO)

(/usr/share/texmf-dist/tex/latex/carlisle/remreset.sty))
\c@chapter=\count96
LaTeX Font Info:    Redeclaring math symbol \Gamma on input line 362.
LaTeX Font Info:    Redeclaring math symbol \Delta on input line 363.
LaTeX Font Info:    Redeclaring math symbol \Theta on input line 364.
LaTeX Font Info:    Redeclaring math symbol \Lambda on input line 365.
LaTeX Font Info:    Redeclaring math symbol \Xi on input line 366.
LaTeX Font Info:    Redeclaring math symbol \Pi on input line 367.
LaTeX Font Info:    Redeclaring math symbol \Sigma on input line 368.
LaTeX Font Info:    Redeclaring math symbol \Upsilon on input line 369.
LaTeX Font Info:    Redeclaring math symbol \Phi on input line 370.
LaTeX Font Info:    Redeclaring math symbol \Psi on input line 371.
LaTeX Font Info:    Redeclaring math symbol \Omega on input line 372.
\tocchpnum=\dimen112
\tocsecnum=\dimen113
\tocsectotal=\dimen114
\tocsubsecnum=\dimen115
\tocsubsectotal=\dimen116
\tocsubsubsecnum=\dimen117
\tocsubsubsectotal=\dimen118
\tocparanum=\dimen119
\tocparatotal=\dimen120
\tocsubparanum=\dimen121
\@tempcntc=\count97
\fnindent=\dimen122
\c@@inst=\count98
\c@@auth=\count99
\c@auco=\count100
\instindent=\dimen123
\authrun=\box52
\authorrunning=\toks14
\tocauthor=\toks15
\titrun=\box53
\titlerunning=\toks16
\toctitle=\toks17
\c@theorem=\count101
\c@case=\count102
\c@conjecture=\count103
\c@corollary=\count104
\c@definition=\count105
\c@example=\count106
\c@exercise=\count107
\c@lemma=\count108
\c@note=\count109
\c@problem=\count110
\c@property=\count111
\c@proposition=\count112
\c@question=\count113
\c@solution=\count114
\c@remark=\count115
\headlineindent=\dimen124
)
(/usr/share/texmf-dist/tex/latex/amsmath/amsmath.sty
Package: amsmath 2017/09/02 v2.17a AMS math features
\@mathmargin=\skip45

For additional information on amsmath, use the `?' option.
(/usr/share/texmf-dist/tex/latex/amsmath/amstext.sty
Package: amstext 2000/06/29 v2.01 AMS text

(/usr/share/texmf-dist/tex/latex/amsmath/amsgen.sty
File: amsgen.sty 1999/11/30 v2.0 generic functions
\@emptytoks=\toks18
\ex@=\dimen125
))
(/usr/share/texmf-dist/tex/latex/amsmath/amsbsy.sty
Package: amsbsy 1999/11/29 v1.2d Bold Symbols
\pmbraise@=\dimen126
)
(/usr/share/texmf-dist/tex/latex/amsmath/amsopn.sty
Package: amsopn 2016/03/08 v2.02 operator names
)
\inf@bad=\count116
LaTeX Info: Redefining \frac on input line 213.
\uproot@=\count117
\leftroot@=\count118
LaTeX Info: Redefining \overline on input line 375.
\classnum@=\count119
\DOTSCASE@=\count120
LaTeX Info: Redefining \ldots on input line 472.
LaTeX Info: Redefining \dots on input line 475.
LaTeX Info: Redefining \cdots on input line 596.
\Mathstrutbox@=\box54
\strutbox@=\box55
\big@size=\dimen127
LaTeX Font Info:    Redeclaring font encoding OML on input line 712.
LaTeX Font Info:    Redeclaring font encoding OMS on input line 713.


Package amsmath Warning: Unable to redefine math accent \vec.

\macc@depth=\count121
\c@MaxMatrixCols=\count122
\dotsspace@=\muskip10
\c@parentequation=\count123
\dspbrk@lvl=\count124
\tag@help=\toks19
\row@=\count125
\column@=\count126
\maxfields@=\count127
\andhelp@=\toks20
\eqnshift@=\dimen128
\alignsep@=\dimen129
\tagshift@=\dimen130
\tagwidth@=\dimen131
\totwidth@=\dimen132
\lineht@=\dimen133
\@envbody=\toks21
\multlinegap=\skip46
\multlinetaggap=\skip47
\mathdisplay@stack=\toks22
LaTeX Info: Redefining \[ on input line 2817.
LaTeX Info: Redefining \] on input line 2818.
) (/usr/share/texmf-dist/tex/latex/amsfonts/amsfonts.sty
Package: amsfonts 2013/01/14 v3.01 Basic AMSFonts support
\symAMSa=\mathgroup4
\symAMSb=\mathgroup5
LaTeX Font Info:    Overwriting math alphabet `\mathfrak' in version `bold'
(Font)                  U/euf/m/n --> U/euf/b/n on input line 106.
)
(/usr/share/texmf-dist/tex/latex/amsfonts/amssymb.sty
Package: amssymb 2013/01/14 v3.01 AMS font symbols
)
(/usr/share/texmf-dist/tex/latex/graphics/graphicx.sty
Package: graphicx 2017/06/01 v1.1a Enhanced LaTeX Graphics (DPC,SPQR)

(/usr/share/texmf-dist/tex/latex/graphics/keyval.sty
Package: keyval 2014/10/28 v1.15 key=value parser (DPC)
\KV@toks@=\toks23
)
(/usr/share/texmf-dist/tex/latex/graphics/graphics.sty
Package: graphics 2017/06/25 v1.2c Standard LaTeX Graphics (DPC,SPQR)

(/usr/share/texmf-dist/tex/latex/graphics/trig.sty
Package: trig 2016/01/03 v1.10 sin cos tan (DPC)
)
(/usr/share/texmf-dist/tex/latex/graphics-cfg/graphics.cfg
File: graphics.cfg 2016/06/04 v1.11 sample graphics configuration
)
Package graphics Info: Driver file: pdftex.def on input line 99.

(/usr/share/texmf-dist/tex/latex/graphics-def/pdftex.def
File: pdftex.def 2017/06/24 v1.0g Graphics/color driver for pdftex
))
\Gin@req@height=\dimen134
\Gin@req@width=\dimen135
)
(/usr/share/texmf-dist/tex/latex/caption/subcaption.sty
Package: subcaption 2016/05/22 v1.1-161 Sub-captions (AR)

(/usr/share/texmf-dist/tex/latex/caption/caption.sty
Package: caption 2016/02/21 v3.3-144 Customizing captions (AR)

(/usr/share/texmf-dist/tex/latex/caption/caption3.sty
Package: caption3 2016/05/22 v1.7-166 caption3 kernel (AR)
Package caption3 Info: TeX engine: e-TeX on input line 67.
\captionmargin=\dimen136
\captionmargin@=\dimen137
\captionwidth=\dimen138
\caption@tempdima=\dimen139
\caption@indent=\dimen140
\caption@parindent=\dimen141
\caption@hangindent=\dimen142
Package caption Info: Unknown document class (or package),
(caption)             standard defaults will be used.
)

Package caption Warning: Unsupported document class (or package) detected,
(caption)                usage of the caption package is not recommended.
See the caption package documentation for explanation.

Package caption Info: \@makecaption = \long macro:#1#2->\small \vskip \abovecap
tionskip \sbox \@tempboxa {{\bfseries #1.} #2}\ifdim \wd \@tempboxa >\hsize {\b
fseries #1.} #2\par \else \global \@minipagefalse \hb@xt@ \hsize {\hfil \box \@
tempboxa \hfil }\fi \vskip \belowcaptionskip .
\c@ContinuedFloat=\count128
)
\c@subfigure=\count129
\c@subtable=\count130
) (/usr/share/texmf-dist/tex/latex/url/url.sty
\Urlmuskip=\muskip11
Package: url 2013/09/16  ver 3.4  Verb mode for urls, etc.
)
(/usr/share/texmf-dist/tex/latex/graphics/color.sty
Package: color 2016/07/10 v1.1e Standard LaTeX Color (DPC)

(/usr/share/texmf-dist/tex/latex/graphics-cfg/color.cfg
File: color.cfg 2016/01/02 v1.6 sample color configuration
)
Package color Info: Driver file: pdftex.def on input line 147.
)
(/usr/share/texmf-dist/tex/latex/lipsum/lipsum.sty
Package: lipsum 2014/07/27 v1.3 150 paragraphs of Lorem Ipsum dummy text
\c@lips@count=\count131
) (./index.aux

LaTeX Warning: Label `pic:diagram' multiply defined.


LaTeX Warning: Label `pic:diagram' multiply defined.

)
\openout1 = `index.aux'.

LaTeX Font Info:    Checking defaults for OML/cmm/m/it on input line 20.
LaTeX Font Info:    ... okay on input line 20.
LaTeX Font Info:    Checking defaults for T1/cmr/m/n on input line 20.
LaTeX Font Info:    ... okay on input line 20.
LaTeX Font Info:    Checking defaults for OT1/cmr/m/n on input line 20.
LaTeX Font Info:    ... okay on input line 20.
LaTeX Font Info:    Checking defaults for OMS/cmsy/m/n on input line 20.
LaTeX Font Info:    ... okay on input line 20.
LaTeX Font Info:    Checking defaults for OMX/cmex/m/n on input line 20.
LaTeX Font Info:    ... okay on input line 20.
LaTeX Font Info:    Checking defaults for U/cmr/m/n on input line 20.
LaTeX Font Info:    ... okay on input line 20.
 (/usr/share/texmf-dist/tex/context/base/mkii/supp-pdf.mkii
[Loading MPS to PDF converter (version 2006.09.02).]
\scratchcounter=\count132
\scratchdimen=\dimen143
\scratchbox=\box56
\nofMPsegments=\count133
\nofMParguments=\count134
\everyMPshowfont=\toks24
\MPscratchCnt=\count135
\MPscratchDim=\dimen144
\MPnumerator=\count136
\makeMPintoPDFobject=\count137
\everyMPtoPDFconversion=\toks25
) (/usr/share/texmf-dist/tex/latex/oberdiek/epstopdf-base.sty
Package: epstopdf-base 2016/05/15 v2.6 Base part for package epstopdf

(/usr/share/texmf-dist/tex/generic/oberdiek/infwarerr.sty
Package: infwarerr 2016/05/16 v1.4 Providing info/warning/error messages (HO)
)
(/usr/share/texmf-dist/tex/latex/oberdiek/grfext.sty
Package: grfext 2016/05/16 v1.2 Manage graphics extensions (HO)

(/usr/share/texmf-dist/tex/generic/oberdiek/kvdefinekeys.sty
Package: kvdefinekeys 2016/05/16 v1.4 Define keys (HO)

(/usr/share/texmf-dist/tex/generic/oberdiek/ltxcmds.sty
Package: ltxcmds 2016/05/16 v1.23 LaTeX kernel commands for general use (HO)
)))
(/usr/share/texmf-dist/tex/latex/oberdiek/kvoptions.sty
Package: kvoptions 2016/05/16 v3.12 Key value format for package options (HO)

(/usr/share/texmf-dist/tex/generic/oberdiek/kvsetkeys.sty
Package: kvsetkeys 2016/05/16 v1.17 Key value parser (HO)

(/usr/share/texmf-dist/tex/generic/oberdiek/etexcmds.sty
Package: etexcmds 2016/05/16 v1.6 Avoid name clashes with e-TeX commands (HO)

(/usr/share/texmf-dist/tex/generic/oberdiek/ifluatex.sty
Package: ifluatex 2016/05/16 v1.4 Provides the ifluatex switch (HO)
Package ifluatex Info: LuaTeX not detected.
)
Package etexcmds Info: Could not find \expanded.
(etexcmds)             That can mean that you are not using pdfTeX 1.50 or
(etexcmds)             that some package has redefined \expanded.
(etexcmds)             In the latter case, load this package earlier.
)))
(/usr/share/texmf-dist/tex/generic/oberdiek/pdftexcmds.sty
Package: pdftexcmds 2017/03/19 v0.25 Utility functions of pdfTeX for LuaTeX (HO
)

(/usr/share/texmf-dist/tex/generic/oberdiek/ifpdf.sty
Package: ifpdf 2017/03/15 v3.2 Provides the ifpdf switch
)
Package pdftexcmds Info: LuaTeX not detected.
Package pdftexcmds Info: \pdf@primitive is available.
Package pdftexcmds Info: \pdf@ifprimitive is available.
Package pdftexcmds Info: \pdfdraftmode found.
)
Package epstopdf-base Info: Redefining graphics rule for `.eps' on input line 4
38.
Package grfext Info: Graphics extension search list:
(grfext)             [.pdf,.png,.jpg,.mps,.jpeg,.jbig2,.jb2,.PDF,.PNG,.JPG,.JPE
G,.JBIG2,.JB2,.eps]
(grfext)             \AppendGraphicsExtensions on input line 456.

(/usr/share/texmf-dist/tex/latex/latexconfig/epstopdf-sys.cfg
File: epstopdf-sys.cfg 2010/07/13 v1.3 Configuration of (r)epstopdf for TeX Liv
e
))
Package caption Info: Begin \AtBeginDocument code.
Package caption Info: Incompatible package detected (regarding \@caption).
(caption)             \@caption = \long macro:#1[#2]#3->\par \addcontentsline {
\csname ext@#1\endcsname }{#1}{\protect \numberline {\csname the#1\endcsname }{
\ignorespaces #2}}\begingroup \@parboxrestore \@makecaption {\csname fnum@#1\en
dcsname }{\ignorespaces #3}\par \endgroup .


Package caption Warning: Forced redefinition of \caption since the
(caption)                unsupported(!) package option `compatibility=false'
(caption)                was given.
See the caption package documentation for explanation.

Package caption Info: End \AtBeginDocument code.
LaTeX Font Info:    Try loading font information for U+msa on input line 26.
(/usr/share/texmf-dist/tex/latex/amsfonts/umsa.fd
File: umsa.fd 2013/01/14 v3.01 AMS symbols A
)
LaTeX Font Info:    Try loading font information for U+msb on input line 26.

(/usr/share/texmf-dist/tex/latex/amsfonts/umsb.fd
File: umsb.fd 2013/01/14 v3.01 AMS symbols B
) [1

{/var/lib/texmf/fonts/map/pdftex/updmap/pdftex.map}]
Overfull \hbox (3.02237pt too wide) in alignment at lines 60--72
[][][]
 []

[2]
Overfull \hbox (24.26591pt too wide) in paragraph at lines 91--93
[]\OT1/cmr/m/n/10 As marked above, we in-tro-duce the stochas-tic met-rics for 
in-con-sis-tency/consistency
 []

[3] [4]
<images/1-consistent-partition.png, id=28, 462.528pt x 346.896pt>
File: images/1-consistent-partition.png Graphic file (type png)
<use images/1-consistent-partition.png>
Package pdftex.def Info: images/1-consistent-partition.png  used on input line 
195. on input line 195.
Package pdftex.def Info: Requested size: 185.0079pt x 138.75594pt on input line
 195.

Overfull \hbox (11.44614pt too wide) in paragraph at lines 195--196
 [][] 
 []

<images/1-1-1-1-1-consistent-partitions-probability.png, id=30, 462.528pt x 346
.896pt>
File: images/1-1-1-1-1-consistent-partitions-probability.png Graphic file (type
 png)
<use images/1-1-1-1-1-consistent-partitions-probability.png>
Package pdftex.def Info: images/1-1-1-1-1-consistent-partitions-probability.png
  used on input line 198. on input line 198.
Package pdftex.def Info: Requested size: 185.0079pt x 138.75594pt on input line
 198.

Overfull \hbox (11.44614pt too wide) in paragraph at lines 198--199
 [][] 
 []


Overfull \hbox (2.05554pt too wide) in paragraph at lines 194--200
[]$[]$ $[]$ 
 []

<images/2-3-consistent-partitions-probability.png, id=31, 462.528pt x 346.896pt
>
File: images/2-3-consistent-partitions-probability.png Graphic file (type png)
<use images/2-3-consistent-partitions-probability.png>
Package pdftex.def Info: images/2-3-consistent-partitions-probability.png  used
 on input line 207. on input line 207.
Package pdftex.def Info: Requested size: 185.0079pt x 138.75594pt on input line
 207.

Overfull \hbox (11.44614pt too wide) in paragraph at lines 207--208
 [][] 
 []

<images/1-4-consistent-partitions-probability.png, id=32, 462.528pt x 346.896pt
>
File: images/1-4-consistent-partitions-probability.png Graphic file (type png)
<use images/1-4-consistent-partitions-probability.png>
Package pdftex.def Info: images/1-4-consistent-partitions-probability.png  used
 on input line 210. on input line 210.
Package pdftex.def Info: Requested size: 185.0079pt x 138.75594pt on input line
 210.

Overfull \hbox (11.44614pt too wide) in paragraph at lines 210--211
 [][] 
 []


Overfull \hbox (2.05554pt too wide) in paragraph at lines 206--212
[]$[]$ $[]$ 
 []

<images/1-1-3-consistent-partitions-probability.png, id=33, 462.528pt x 346.896
pt>
File: images/1-1-3-consistent-partitions-probability.png Graphic file (type png
)
<use images/1-1-3-consistent-partitions-probability.png>
Package pdftex.def Info: images/1-1-3-consistent-partitions-probability.png  us
ed on input line 236. on input line 236.
Package pdftex.def Info: Requested size: 185.0079pt x 138.75594pt on input line
 236.

Overfull \hbox (11.44614pt too wide) in paragraph at lines 236--237
 [][] 
 []

<images/1-2-2-consistent-partitions-probability.png, id=34, 462.528pt x 346.896
pt>
File: images/1-2-2-consistent-partitions-probability.png Graphic file (type png
)
<use images/1-2-2-consistent-partitions-probability.png>
Package pdftex.def Info: images/1-2-2-consistent-partitions-probability.png  us
ed on input line 239. on input line 239.
Package pdftex.def Info: Requested size: 185.0079pt x 138.75594pt on input line
 239.

Overfull \hbox (11.44614pt too wide) in paragraph at lines 239--240
 [][] 
 []


Overfull \hbox (2.05554pt too wide) in paragraph at lines 235--241
[]$[]$ $[]$ 
 []

<images/1-1-1-2-consistent-partitions-probability.png, id=35, 462.528pt x 346.8
96pt>
File: images/1-1-1-2-consistent-partitions-probability.png Graphic file (type p
ng)
<use images/1-1-1-2-consistent-partitions-probability.png>
Package pdftex.def Info: images/1-1-1-2-consistent-partitions-probability.png  
used on input line 250. on input line 250.
Package pdftex.def Info: Requested size: 185.0079pt x 138.75594pt on input line
 250.

LaTeX Warning: Reference `pic:100' on page 5 undefined on input line 257.


LaTeX Warning: Reference `pic:200' on page 5 undefined on input line 257.


LaTeX Warning: Reference `pic:1000' on page 5 undefined on input line 257.

[5] [6 <./images/1-consistent-partition.png> <./images/1-1-1-1-1-consistent-par
titions-probability.png> <./images/2-3-consistent-partitions-probability.png> <
./images/1-4-consistent-partitions-probability.png> <./images/1-1-3-consistent-
partitions-probability.png> <./images/1-2-2-consistent-partitions-probability.p
ng>]
<images/100-consistency-convergence.png, id=48, 462.528pt x 346.896pt>
File: images/100-consistency-convergence.png Graphic file (type png)
<use images/100-consistency-convergence.png>
Package pdftex.def Info: images/100-consistency-convergence.png  used on input 
line 264. on input line 264.
Package pdftex.def Info: Requested size: 104.1381pt x 78.10115pt on input line 
264.
<images/200-consistency-convergence.png, id=49, 462.528pt x 346.896pt>
File: images/200-consistency-convergence.png Graphic file (type png)
<use images/200-consistency-convergence.png>
Package pdftex.def Info: images/200-consistency-convergence.png  used on input 
line 268. on input line 268.
Package pdftex.def Info: Requested size: 104.1381pt x 78.10115pt on input line 
268.
<images/1000-consistency-convergence.png, id=50, 462.528pt x 346.896pt>
File: images/1000-consistency-convergence.png Graphic file (type png)
<use images/1000-consistency-convergence.png>
Package pdftex.def Info: images/1000-consistency-convergence.png  used on input
 line 272. on input line 272.
Package pdftex.def Info: Requested size: 104.1381pt x 78.10115pt on input line 
272.
<images/100-consistency-convergence-weighted.png, id=51, 462.528pt x 346.896pt>

File: images/100-consistency-convergence-weighted.png Graphic file (type png)
<use images/100-consistency-convergence-weighted.png>
Package pdftex.def Info: images/100-consistency-convergence-weighted.png  used 
on input line 288. on input line 288.
Package pdftex.def Info: Requested size: 104.1381pt x 78.10115pt on input line 
288.
<images/200-consistency-convergence-weighted.png, id=52, 462.528pt x 346.896pt>

File: images/200-consistency-convergence-weighted.png Graphic file (type png)
<use images/200-consistency-convergence-weighted.png>
Package pdftex.def Info: images/200-consistency-convergence-weighted.png  used 
on input line 292. on input line 292.
Package pdftex.def Info: Requested size: 104.1381pt x 78.10115pt on input line 
292.
<images/1000-consistency-convergence-weighted.png, id=53, 462.528pt x 346.896pt
>
File: images/1000-consistency-convergence-weighted.png Graphic file (type png)
<use images/1000-consistency-convergence-weighted.png>
Package pdftex.def Info: images/1000-consistency-convergence-weighted.png  used
 on input line 296. on input line 296.
Package pdftex.def Info: Requested size: 104.1381pt x 78.10115pt on input line 
296.
<images/dds-class-diagram.png, id=54, 883.3pt x 531.9875pt>
File: images/dds-class-diagram.png Graphic file (type png)
<use images/dds-class-diagram.png>
Package pdftex.def Info: images/dds-class-diagram.png  used on input line 305. 
on input line 305.
Package pdftex.def Info: Requested size: 353.31374pt x 212.79123pt on input lin
e 305.

Overfull \hbox (6.1902pt too wide) in paragraph at lines 305--306
 [][] 
 []

<images/message-broadcasting-state-machine.png, id=55, 863.225pt x 642.4pt>
File: images/message-broadcasting-state-machine.png Graphic file (type png)
<use images/message-broadcasting-state-machine.png>
Package pdftex.def Info: images/message-broadcasting-state-machine.png  used on
 input line 312. on input line 312.
Package pdftex.def Info: Requested size: 345.28389pt x 256.95544pt on input lin
e 312.
[7 <./images/1-1-1-2-consistent-partitions-probability.png>] [8 <./images/100-c
onsistency-convergence.png> <./images/200-consistency-convergence.png> <./image
s/1000-consistency-convergence.png> <./images/100-consistency-convergence-weigh
ted.png> <./images/200-consistency-convergence-weighted.png> <./images/1000-con
sistency-convergence-weighted.png> <./images/dds-class-diagram.png (PNG copy)>]
[9 <./images/message-broadcasting-state-machine.png (PNG copy)>]
Underfull \hbox (badness 1297) in paragraph at lines 356--359
[]\OT1/cmr/m/n/9 Charles Roe: ACID vs. BASE: The Shift-ing pH of Database Trans
-ac-tion
 []


Underfull \hbox (badness 5175) in paragraph at lines 356--359
\OT1/cmr/m/n/9 Pro-cess-ing http://www.dataversity.net/acid-vs-base-the-shiftin
g-ph-of-database-
 []

[10] [11] (./index.aux)

LaTeX Warning: There were undefined references.


LaTeX Warning: There were multiply-defined labels.

 ) 
Here is how much of TeX's memory you used:
 4298 strings out of 492985
 63034 string characters out of 6138637
 230340 words of memory out of 5000000
 7783 multiletter control sequences out of 15000+600000
 10780 words of font info for 42 fonts, out of 8000000 for 9000
 1141 hyphenation exceptions out of 8191
 42i,10n,40p,524b,479s stack positions out of 5000i,500n,10000p,200000b,80000s
</usr/share/texmf-dist/fonts/type1/public/amsfonts/cm/cmbx10.pfb></usr/share/
texmf-dist/fonts/type1/public/amsfonts/cm/cmbx12.pfb></usr/share/texmf-dist/fon
ts/type1/public/amsfonts/cm/cmbx9.pfb></usr/share/texmf-dist/fonts/type1/public
/amsfonts/cm/cmex10.pfb></usr/share/texmf-dist/fonts/type1/public/amsfonts/cm/c
mmi10.pfb></usr/share/texmf-dist/fonts/type1/public/amsfonts/cm/cmmi7.pfb></usr
/share/texmf-dist/fonts/type1/public/amsfonts/cm/cmr10.pfb></usr/share/texmf-di
st/fonts/type1/public/amsfonts/cm/cmr7.pfb></usr/share/texmf-dist/fonts/type1/p
ublic/amsfonts/cm/cmr9.pfb></usr/share/texmf-dist/fonts/type1/public/amsfonts/c
m/cmsy10.pfb></usr/share/texmf-dist/fonts/type1/public/amsfonts/cm/cmti10.pfb><
/usr/share/texmf-dist/fonts/type1/public/amsfonts/cm/cmtt9.pfb></usr/share/texm
f-dist/fonts/type1/public/amsfonts/symbols/msbm10.pfb>
Output written on index.pdf (11 pages, 412225 bytes).
PDF statistics:
 121 PDF objects out of 1000 (max. 8388607)
 66 compressed objects within 1 object stream
 0 named destinations out of 1000 (max. 500000)
 76 words of extra memory for PDF output out of 10000 (max. 10000000)

