This is pdfTeX, Version 3.14159265-2.6-1.40.19 (TeX Live 2018/Arch Linux) (preloaded format=pdflatex 2019.4.17)  11 MAY 2019 18:01
entering extended mode
 restricted \write18 enabled.
 %&-line parsing enabled.
**phd.tex
(./phd.tex
LaTeX2e <2018-12-01>
(/usr/share/texmf-dist/tex/latex/vakthesis.cls
Document Class: vakthesis 2009/04/01 v0.08 VAKU thesis document class (OMB)
(/usr/share/texmf-dist/tex/latex/extsizes/size14.clo
File: size14.clo 1999/11/11 v1.4a NON-Standard LaTeX file (size option)
)
(/usr/share/texmf-dist/tex/latex/base/ifthen.sty
Package: ifthen 2014/09/29 v1.1c Standard LaTeX ifthen package (DPC)
)
(/usr/share/texmf-dist/tex/latex/tools/indentfirst.sty
Package: indentfirst 1995/11/23 v1.03 Indent first paragraph (DPC)
)
(/usr/share/texmf-dist/tex/latex/tools/verbatim.sty
Package: verbatim 2014/10/28 v1.5q LaTeX2e package for verbatim enhancements
\every@verbatim=\toks14
\verbatim@line=\toks15
\verbatim@in@stream=\read1
)
\c@@supervisors@count=\count80
\@specialityfile=\read2
\c@chapter=\count81
\c@section=\count82
\c@subsection=\count83
\c@subsubsection=\count84
\c@paragraph=\count85
\c@subparagraph=\count86
\c@figure=\count87
\c@table=\count88
\abovecaptionskip=\skip41
\belowcaptionskip=\skip42
\bibindent=\dimen102
\c@needbibset=\count89
\c@currbibset=\count90
)
(/usr/share/texmf-dist/tex/latex/extsizes/extsizes.sty
Package: extsizes 1996/10/08 v1.0 Non Standard LaTeX Package


Package ExtSizes Warning: It is better to use one of the extsizes classes,
 if you can.

(/usr/share/texmf-dist/tex/latex/extsizes/size14.clo
File: size14.clo 1999/11/11 v1.4a NON-Standard LaTeX file (size option)
))
(/usr/share/texmf-dist/tex/latex/cmap/cmap.sty
Package: cmap 2008/03/06 v1.0h CMap support: searchable PDF
)
(/usr/share/texmf-dist/tex/latex/base/inputenc.sty
Package: inputenc 2018/08/11 v1.3c Input encoding file
\inpenc@prehook=\toks16
\inpenc@posthook=\toks17
)
(/usr/share/texmf-dist/tex/latex/base/fontenc.sty
Package: fontenc 2018/08/11 v2.0j Standard LaTeX package

(/usr/share/texmf-dist/tex/latex/base/t1enc.def
File: t1enc.def 2018/08/11 v2.0j Standard LaTeX file
LaTeX Font Info:    Redeclaring font encoding T1 on input line 48.
)
(/usr/share/texmf-dist/tex/latex/cyrillic/t2aenc.def
File: t2aenc.def 2005/09/27 v1.0i Cyrillic encoding definition file
Now handling font encoding T2A ...
... processing UTF-8 mapping file for font encoding T2A

(/usr/share/texmf-dist/tex/latex/base/t2aenc.dfu
File: t2aenc.dfu 2018/10/05 v1.2f UTF-8 support for inputenc
   defining Unicode char U+00A4 (decimal 164)
   defining Unicode char U+00A7 (decimal 167)
   defining Unicode char U+00AB (decimal 171)
   defining Unicode char U+00BB (decimal 187)
   defining Unicode char U+0131 (decimal 305)
   defining Unicode char U+0237 (decimal 567)
   defining Unicode char U+0400 (decimal 1024)
   defining Unicode char U+0401 (decimal 1025)
   defining Unicode char U+0402 (decimal 1026)
   defining Unicode char U+0403 (decimal 1027)
   defining Unicode char U+0404 (decimal 1028)
   defining Unicode char U+0405 (decimal 1029)
   defining Unicode char U+0406 (decimal 1030)
   defining Unicode char U+0407 (decimal 1031)
   defining Unicode char U+0408 (decimal 1032)
   defining Unicode char U+0409 (decimal 1033)
   defining Unicode char U+040A (decimal 1034)
   defining Unicode char U+040B (decimal 1035)
   defining Unicode char U+040C (decimal 1036)
   defining Unicode char U+040D (decimal 1037)
   defining Unicode char U+040E (decimal 1038)
   defining Unicode char U+040F (decimal 1039)
   defining Unicode char U+0410 (decimal 1040)
   defining Unicode char U+0411 (decimal 1041)
   defining Unicode char U+0412 (decimal 1042)
   defining Unicode char U+0413 (decimal 1043)
   defining Unicode char U+0414 (decimal 1044)
   defining Unicode char U+0415 (decimal 1045)
   defining Unicode char U+0416 (decimal 1046)
   defining Unicode char U+0417 (decimal 1047)
   defining Unicode char U+0418 (decimal 1048)
   defining Unicode char U+0419 (decimal 1049)
   defining Unicode char U+041A (decimal 1050)
   defining Unicode char U+041B (decimal 1051)
   defining Unicode char U+041C (decimal 1052)
   defining Unicode char U+041D (decimal 1053)
   defining Unicode char U+041E (decimal 1054)
   defining Unicode char U+041F (decimal 1055)
   defining Unicode char U+0420 (decimal 1056)
   defining Unicode char U+0421 (decimal 1057)
   defining Unicode char U+0422 (decimal 1058)
   defining Unicode char U+0423 (decimal 1059)
   defining Unicode char U+0424 (decimal 1060)
   defining Unicode char U+0425 (decimal 1061)
   defining Unicode char U+0426 (decimal 1062)
   defining Unicode char U+0427 (decimal 1063)
   defining Unicode char U+0428 (decimal 1064)
   defining Unicode char U+0429 (decimal 1065)
   defining Unicode char U+042A (decimal 1066)
   defining Unicode char U+042B (decimal 1067)
   defining Unicode char U+042C (decimal 1068)
   defining Unicode char U+042D (decimal 1069)
   defining Unicode char U+042E (decimal 1070)
   defining Unicode char U+042F (decimal 1071)
   defining Unicode char U+0430 (decimal 1072)
   defining Unicode char U+0431 (decimal 1073)
   defining Unicode char U+0432 (decimal 1074)
   defining Unicode char U+0433 (decimal 1075)
   defining Unicode char U+0434 (decimal 1076)
   defining Unicode char U+0435 (decimal 1077)
   defining Unicode char U+0436 (decimal 1078)
   defining Unicode char U+0437 (decimal 1079)
   defining Unicode char U+0438 (decimal 1080)
   defining Unicode char U+0439 (decimal 1081)
   defining Unicode char U+043A (decimal 1082)
   defining Unicode char U+043B (decimal 1083)
   defining Unicode char U+043C (decimal 1084)
   defining Unicode char U+043D (decimal 1085)
   defining Unicode char U+043E (decimal 1086)
   defining Unicode char U+043F (decimal 1087)
   defining Unicode char U+0440 (decimal 1088)
   defining Unicode char U+0441 (decimal 1089)
   defining Unicode char U+0442 (decimal 1090)
   defining Unicode char U+0443 (decimal 1091)
   defining Unicode char U+0444 (decimal 1092)
   defining Unicode char U+0445 (decimal 1093)
   defining Unicode char U+0446 (decimal 1094)
   defining Unicode char U+0447 (decimal 1095)
   defining Unicode char U+0448 (decimal 1096)
   defining Unicode char U+0449 (decimal 1097)
   defining Unicode char U+044A (decimal 1098)
   defining Unicode char U+044B (decimal 1099)
   defining Unicode char U+044C (decimal 1100)
   defining Unicode char U+044D (decimal 1101)
   defining Unicode char U+044E (decimal 1102)
   defining Unicode char U+044F (decimal 1103)
   defining Unicode char U+0450 (decimal 1104)
   defining Unicode char U+0451 (decimal 1105)
   defining Unicode char U+0452 (decimal 1106)
   defining Unicode char U+0453 (decimal 1107)
   defining Unicode char U+0454 (decimal 1108)
   defining Unicode char U+0455 (decimal 1109)
   defining Unicode char U+0456 (decimal 1110)
   defining Unicode char U+0457 (decimal 1111)
   defining Unicode char U+0458 (decimal 1112)
   defining Unicode char U+0459 (decimal 1113)
   defining Unicode char U+045A (decimal 1114)
   defining Unicode char U+045B (decimal 1115)
   defining Unicode char U+045C (decimal 1116)
   defining Unicode char U+045D (decimal 1117)
   defining Unicode char U+045E (decimal 1118)
   defining Unicode char U+045F (decimal 1119)
   defining Unicode char U+0490 (decimal 1168)
   defining Unicode char U+0491 (decimal 1169)
   defining Unicode char U+0492 (decimal 1170)
   defining Unicode char U+0493 (decimal 1171)
   defining Unicode char U+0496 (decimal 1174)
   defining Unicode char U+0497 (decimal 1175)
   defining Unicode char U+0498 (decimal 1176)
   defining Unicode char U+0499 (decimal 1177)
   defining Unicode char U+049A (decimal 1178)
   defining Unicode char U+049B (decimal 1179)
   defining Unicode char U+049C (decimal 1180)
   defining Unicode char U+049D (decimal 1181)
   defining Unicode char U+04A0 (decimal 1184)
   defining Unicode char U+04A1 (decimal 1185)
   defining Unicode char U+04A2 (decimal 1186)
   defining Unicode char U+04A3 (decimal 1187)
   defining Unicode char U+04A4 (decimal 1188)
   defining Unicode char U+04A5 (decimal 1189)
   defining Unicode char U+04AA (decimal 1194)
   defining Unicode char U+04AB (decimal 1195)
   defining Unicode char U+04AE (decimal 1198)
   defining Unicode char U+04AF (decimal 1199)
   defining Unicode char U+04B0 (decimal 1200)
   defining Unicode char U+04B1 (decimal 1201)
   defining Unicode char U+04B2 (decimal 1202)
   defining Unicode char U+04B3 (decimal 1203)
   defining Unicode char U+04B6 (decimal 1206)
   defining Unicode char U+04B7 (decimal 1207)
   defining Unicode char U+04B8 (decimal 1208)
   defining Unicode char U+04B9 (decimal 1209)
   defining Unicode char U+04BA (decimal 1210)
   defining Unicode char U+04BB (decimal 1211)
   defining Unicode char U+04C0 (decimal 1216)
   defining Unicode char U+04C1 (decimal 1217)
   defining Unicode char U+04C2 (decimal 1218)
   defining Unicode char U+04D0 (decimal 1232)
   defining Unicode char U+04D1 (decimal 1233)
   defining Unicode char U+04D2 (decimal 1234)
   defining Unicode char U+04D3 (decimal 1235)
   defining Unicode char U+04D4 (decimal 1236)
   defining Unicode char U+04D5 (decimal 1237)
   defining Unicode char U+04D6 (decimal 1238)
   defining Unicode char U+04D7 (decimal 1239)
   defining Unicode char U+04D8 (decimal 1240)
   defining Unicode char U+04D9 (decimal 1241)
   defining Unicode char U+04DA (decimal 1242)
   defining Unicode char U+04DB (decimal 1243)
   defining Unicode char U+04DC (decimal 1244)
   defining Unicode char U+04DD (decimal 1245)
   defining Unicode char U+04DE (decimal 1246)
   defining Unicode char U+04DF (decimal 1247)
   defining Unicode char U+04E2 (decimal 1250)
   defining Unicode char U+04E3 (decimal 1251)
   defining Unicode char U+04E4 (decimal 1252)
   defining Unicode char U+04E5 (decimal 1253)
   defining Unicode char U+04E6 (decimal 1254)
   defining Unicode char U+04E7 (decimal 1255)
   defining Unicode char U+04E8 (decimal 1256)
   defining Unicode char U+04E9 (decimal 1257)
   defining Unicode char U+04EC (decimal 1260)
   defining Unicode char U+04ED (decimal 1261)
   defining Unicode char U+04EE (decimal 1262)
   defining Unicode char U+04EF (decimal 1263)
   defining Unicode char U+04F0 (decimal 1264)
   defining Unicode char U+04F1 (decimal 1265)
   defining Unicode char U+04F2 (decimal 1266)
   defining Unicode char U+04F3 (decimal 1267)
   defining Unicode char U+04F4 (decimal 1268)
   defining Unicode char U+04F5 (decimal 1269)
   defining Unicode char U+04F8 (decimal 1272)
   defining Unicode char U+04F9 (decimal 1273)
   defining Unicode char U+200C (decimal 8204)
   defining Unicode char U+2013 (decimal 8211)
   defining Unicode char U+2014 (decimal 8212)
   defining Unicode char U+2018 (decimal 8216)
   defining Unicode char U+2019 (decimal 8217)
   defining Unicode char U+201C (decimal 8220)
   defining Unicode char U+201D (decimal 8221)
   defining Unicode char U+201E (decimal 8222)
   defining Unicode char U+2030 (decimal 8240)
   defining Unicode char U+2031 (decimal 8241)
   defining Unicode char U+2116 (decimal 8470)
   defining Unicode char U+2329 (decimal 9001)
   defining Unicode char U+232A (decimal 9002)
   defining Unicode char U+2423 (decimal 9251)
))
LaTeX Font Info:    Try loading font information for T2A+cmr on input line 105.


(/usr/share/texmf-dist/tex/latex/cyrillic/t2acmr.fd
File: t2acmr.fd 2001/08/11 v1.0a Computer Modern Cyrillic font definitions
)<<t2a.cmap>>)
(/usr/share/texmf-dist/tex/generic/babel/babel.sty
Package: babel 2018/11/13 3.27 The Babel package

(/usr/share/texmf-dist/tex/generic/babel/switch.def
File: switch.def 2018/11/13 3.27 Babel switching mechanism
)
(/usr/share/texmf-dist/tex/generic/babel-english/english.ldf
Language: english 2017/06/06 v3.3r English support from the babel system

(/usr/share/texmf-dist/tex/generic/babel/babel.def
File: babel.def 2018/11/13 3.27 Babel common definitions
\babel@savecnt=\count91
\U@D=\dimen103

(/usr/share/texmf-dist/tex/generic/babel/txtbabel.def)
\bbl@dirlevel=\count92
)
\l@canadian = a dialect from \language\l@american 
\l@australian = a dialect from \language\l@british 
\l@newzealand = a dialect from \language\l@british 
)
(/usr/share/texmf-dist/tex/generic/babel-ukrainian/ukraineb.ldf
Language: ukraineb 2018/04/11 1.4c Ukrainian support for the Babel system
Package babel Info: Making " an active character on input line 118.
Package babel Info: Default for \cyrdash is provided on input line 161.
)
(/usr/share/texmf-dist/tex/generic/babel-russian/russianb.ldf
Language: russian 2017/08/12 1.3j Russian support for the Babel system
LaTeX Info: Redefining \cyrillictext on input line 79.
LaTeX Info: Redefining \textcyrillic on input line 95.
Package babel Info: Default for \cyrdash is provided on input line 157.
))
(/usr/share/texmf-dist/tex/latex/listings/listings.sty
(/usr/share/texmf-dist/tex/latex/graphics/keyval.sty
Package: keyval 2014/10/28 v1.15 key=value parser (DPC)
\KV@toks@=\toks18
)
\lst@mode=\count93
\lst@gtempboxa=\box27
\lst@token=\toks19
\lst@length=\count94
\lst@currlwidth=\dimen104
\lst@column=\count95
\lst@pos=\count96
\lst@lostspace=\dimen105
\lst@width=\dimen106
\lst@newlines=\count97
\lst@lineno=\count98
\lst@maxwidth=\dimen107

(/usr/share/texmf-dist/tex/latex/listings/lstmisc.sty
File: lstmisc.sty 2018/09/02 1.7 (Carsten Heinz)
\c@lstnumber=\count99
\lst@skipnumbers=\count100
\lst@framebox=\box28
)
(/usr/share/texmf-dist/tex/latex/listings/listings.cfg
File: listings.cfg 2018/09/02 1.7 listings configuration
))
Package: listings 2018/09/02 1.7 (Carsten Heinz)
 (./packages.sty
Package: packages 

(/usr/share/texmf-dist/tex/latex/amsmath/amsmath.sty
Package: amsmath 2018/12/01 v2.17b AMS math features
\@mathmargin=\skip43

For additional information on amsmath, use the `?' option.
(/usr/share/texmf-dist/tex/latex/amsmath/amstext.sty
Package: amstext 2000/06/29 v2.01 AMS text

(/usr/share/texmf-dist/tex/latex/amsmath/amsgen.sty
File: amsgen.sty 1999/11/30 v2.0 generic functions
\@emptytoks=\toks20
\ex@=\dimen108
))
(/usr/share/texmf-dist/tex/latex/amsmath/amsbsy.sty
Package: amsbsy 1999/11/29 v1.2d Bold Symbols
\pmbraise@=\dimen109
)
(/usr/share/texmf-dist/tex/latex/amsmath/amsopn.sty
Package: amsopn 2016/03/08 v2.02 operator names
)
\inf@bad=\count101
LaTeX Info: Redefining \frac on input line 223.
\uproot@=\count102
\leftroot@=\count103
LaTeX Info: Redefining \overline on input line 385.
\classnum@=\count104
\DOTSCASE@=\count105
LaTeX Info: Redefining \ldots on input line 482.
LaTeX Info: Redefining \dots on input line 485.
LaTeX Info: Redefining \cdots on input line 606.
\Mathstrutbox@=\box29
\strutbox@=\box30
\big@size=\dimen110
LaTeX Font Info:    Redeclaring font encoding OML on input line 729.
LaTeX Font Info:    Redeclaring font encoding OMS on input line 730.
\macc@depth=\count106
\c@MaxMatrixCols=\count107
\dotsspace@=\muskip10
\c@parentequation=\count108
\dspbrk@lvl=\count109
\tag@help=\toks21
\row@=\count110
\column@=\count111
\maxfields@=\count112
\andhelp@=\toks22
\eqnshift@=\dimen111
\alignsep@=\dimen112
\tagshift@=\dimen113
\tagwidth@=\dimen114
\totwidth@=\dimen115
\lineht@=\dimen116
\@envbody=\toks23
\multlinegap=\skip44
\multlinetaggap=\skip45
\mathdisplay@stack=\toks24
LaTeX Info: Redefining \[ on input line 2844.
LaTeX Info: Redefining \] on input line 2845.
)
(/usr/share/texmf-dist/tex/latex/amsfonts/amsfonts.sty
Package: amsfonts 2013/01/14 v3.01 Basic AMSFonts support
\symAMSa=\mathgroup4
\symAMSb=\mathgroup5
LaTeX Font Info:    Overwriting math alphabet `\mathfrak' in version `bold'
(Font)                  U/euf/m/n --> U/euf/b/n on input line 106.
)
(/usr/share/texmf-dist/tex/latex/amsfonts/amssymb.sty
Package: amssymb 2013/01/14 v3.01 AMS font symbols
)
(/usr/share/texmf-dist/tex/latex/amscls/amsthm.sty
Package: amsthm 2017/10/31 v2.20.4
\thm@style=\toks25
\thm@bodyfont=\toks26
\thm@headfont=\toks27
\thm@notefont=\toks28
\thm@headpunct=\toks29
\thm@preskip=\skip46
\thm@postskip=\skip47
\thm@headsep=\skip48
\dth@everypar=\toks30
)
(/usr/share/texmf-dist/tex/latex/psnfss/mathptmx.sty
Package: mathptmx 2005/04/12 PSNFSS-v9.2a Times w/ Math, improved (SPQR, WaS) 
LaTeX Font Info:    Redeclaring symbol font `operators' on input line 28.
LaTeX Font Info:    Overwriting symbol font `operators' in version `normal'
(Font)                  OT1/cmr/m/n --> OT1/ztmcm/m/n on input line 28.
LaTeX Font Info:    Overwriting symbol font `operators' in version `bold'
(Font)                  OT1/cmr/bx/n --> OT1/ztmcm/m/n on input line 28.
LaTeX Font Info:    Redeclaring symbol font `letters' on input line 29.
LaTeX Font Info:    Overwriting symbol font `letters' in version `normal'
(Font)                  OML/cmm/m/it --> OML/ztmcm/m/it on input line 29.
LaTeX Font Info:    Overwriting symbol font `letters' in version `bold'
(Font)                  OML/cmm/b/it --> OML/ztmcm/m/it on input line 29.
LaTeX Font Info:    Redeclaring symbol font `symbols' on input line 30.
LaTeX Font Info:    Overwriting symbol font `symbols' in version `normal'
(Font)                  OMS/cmsy/m/n --> OMS/ztmcm/m/n on input line 30.
LaTeX Font Info:    Overwriting symbol font `symbols' in version `bold'
(Font)                  OMS/cmsy/b/n --> OMS/ztmcm/m/n on input line 30.
LaTeX Font Info:    Redeclaring symbol font `largesymbols' on input line 31.
LaTeX Font Info:    Overwriting symbol font `largesymbols' in version `normal'
(Font)                  OMX/cmex/m/n --> OMX/ztmcm/m/n on input line 31.
LaTeX Font Info:    Overwriting symbol font `largesymbols' in version `bold'
(Font)                  OMX/cmex/m/n --> OMX/ztmcm/m/n on input line 31.
\symbold=\mathgroup6
\symitalic=\mathgroup7
LaTeX Font Info:    Redeclaring math alphabet \mathbf on input line 34.
LaTeX Font Info:    Overwriting math alphabet `\mathbf' in version `normal'
(Font)                  OT1/cmr/bx/n --> OT1/ptm/bx/n on input line 34.
LaTeX Font Info:    Overwriting math alphabet `\mathbf' in version `bold'
(Font)                  OT1/cmr/bx/n --> OT1/ptm/bx/n on input line 34.
LaTeX Font Info:    Redeclaring math alphabet \mathit on input line 35.
LaTeX Font Info:    Overwriting math alphabet `\mathit' in version `normal'
(Font)                  OT1/cmr/m/it --> OT1/ptm/m/it on input line 35.
LaTeX Font Info:    Overwriting math alphabet `\mathit' in version `bold'
(Font)                  OT1/cmr/bx/it --> OT1/ptm/m/it on input line 35.
LaTeX Info: Redefining \hbar on input line 50.
)
(/usr/share/texmf-dist/tex/latex/pstricks/pstricks.sty
Package: pstricks 2018/12/21 v0.69 LaTeX wrapper for `PSTricks' (RN,HV)

(/usr/share/texmf-dist/tex/generic/iftex/iftex.sty
Package: iftex 2013/04/04 v0.2 Provides if(tex) conditional for PDFTeX, XeTeX, 
and LuaTeX
)
(/usr/share/texmf-dist/tex/latex/tools/shellesc.sty
Package: shellesc 2016/06/07 v0.02a unified shell escape interface for LaTeX
Package shellesc Info: Restricted shell escape enabled on input line 69.
)
(/usr/share/texmf-dist/tex/latex/xcolor/xcolor.sty
Package: xcolor 2016/05/11 v2.12 LaTeX color extensions (UK)

(/usr/share/texmf-dist/tex/latex/graphics-cfg/color.cfg
File: color.cfg 2016/01/02 v1.6 sample color configuration
)
Package xcolor Info: Package option `usenames' ignored on input line 216.
Package xcolor Info: Driver file: pdftex.def on input line 225.

(/usr/share/texmf-dist/tex/latex/graphics-def/pdftex.def
File: pdftex.def 2018/01/08 v1.0l Graphics/color driver for pdftex
)
Package xcolor Info: Model `cmy' substituted by `cmy0' on input line 1348.
Package xcolor Info: Model `hsb' substituted by `rgb' on input line 1352.
Package xcolor Info: Model `RGB' extended on input line 1364.
Package xcolor Info: Model `HTML' substituted by `rgb' on input line 1366.
Package xcolor Info: Model `Hsb' substituted by `hsb' on input line 1367.
Package xcolor Info: Model `tHsb' substituted by `hsb' on input line 1368.
Package xcolor Info: Model `HSB' substituted by `hsb' on input line 1369.
Package xcolor Info: Model `Gray' substituted by `gray' on input line 1370.
Package xcolor Info: Model `wave' substituted by `hsb' on input line 1371.

(/usr/share/texmf-dist/tex/latex/graphics/dvipsnam.def
File: dvipsnam.def 2016/06/17 v3.0m Driver-dependent file (DPC,SPQR)
))
(/usr/share/texmf-dist/tex/generic/xkeyval/pst-xkey.tex
File: pst-xkey.tex 2005/11/25 v1.6 PSTricks specialization of xkeyval (HA)

(/usr/share/texmf-dist/tex/latex/xkeyval/xkeyval.sty
Package: xkeyval 2014/12/03 v2.7a package option processing (HA)

(/usr/share/texmf-dist/tex/generic/xkeyval/xkeyval.tex
(/usr/share/texmf-dist/tex/generic/xkeyval/xkvutils.tex
\XKV@toks=\toks31
\XKV@tempa@toks=\toks32
)
\XKV@depth=\count113
File: xkeyval.tex 2014/12/03 v2.7a key=value parser (HA)
)))
(/usr/share/texmf-dist/tex/generic/pstricks/pstricks.tex
(/usr/share/texmf-dist/tex/generic/pstricks/pst-fp.tex
`pst-fp' v0.05, 2010/01/17 (hv)
\pstFP@xs=\count114
\pstFP@xia=\count115
\pstFP@xib=\count116
\pstFP@xfa=\count117
\pstFP@xfb=\count118
\pstFP@rega=\count119
\pstFP@regb=\count120
\pstFP@regs=\count121
\pstFP@times=\count122
)
(/usr/share/texmf-dist/tex/generic/pgf/utilities/pgfutil-common.tex
\pgfutil@everybye=\toks33
\pgfutil@tempdima=\dimen117
\pgfutil@tempdimb=\dimen118

(/usr/share/texmf-dist/tex/generic/pgf/utilities/pgfutil-common-lists.tex))
(/usr/share/texmf-dist/tex/generic/pgf/utilities/pgfkeys.code.tex
\pgfkeys@pathtoks=\toks34
\pgfkeys@temptoks=\toks35

(/usr/share/texmf-dist/tex/generic/pgf/utilities/pgfkeysfiltered.code.tex
\pgfkeys@tmptoks=\toks36
))
(/usr/share/texmf-dist/tex/generic/pgf/utilities/pgffor.code.tex
Loading pgffor.code.tex
(/usr/share/texmf-dist/tex/generic/pgf/math/pgfmath.code.tex
(/usr/share/texmf-dist/tex/generic/pgf/math/pgfmathcalc.code.tex
(/usr/share/texmf-dist/tex/generic/pgf/math/pgfmathutil.code.tex
\pgf@x=\dimen119
\pgf@xa=\dimen120
\pgf@xb=\dimen121
\pgf@xc=\dimen122
\pgf@y=\dimen123
\pgf@ya=\dimen124
\pgf@yb=\dimen125
\pgf@yc=\dimen126
\c@pgf@counta=\count123
\c@pgf@countb=\count124
\c@pgf@countc=\count125
\c@pgf@countd=\count126
\pgfutil@tempcnta=\count127
\pgfutil@tempcntb=\count128
)
(/usr/share/texmf-dist/tex/generic/pgf/math/pgfmathparser.code.tex
\pgfmath@dimen=\dimen127
\pgfmath@count=\count129
\pgfmath@box=\box31
\pgfmath@toks=\toks37
\pgfmath@stack@operand=\toks38
\pgfmath@stack@operation=\toks39
)
(/usr/share/texmf-dist/tex/generic/pgf/math/pgfmathfunctions.code.tex
(/usr/share/texmf-dist/tex/generic/pgf/math/pgfmathfunctions.basic.code.tex)
(/usr/share/texmf-dist/tex/generic/pgf/math/pgfmathfunctions.trigonometric.code
.tex)
(/usr/share/texmf-dist/tex/generic/pgf/math/pgfmathfunctions.random.code.tex)
(/usr/share/texmf-dist/tex/generic/pgf/math/pgfmathfunctions.comparison.code.te
x) (/usr/share/texmf-dist/tex/generic/pgf/math/pgfmathfunctions.base.code.tex)
(/usr/share/texmf-dist/tex/generic/pgf/math/pgfmathfunctions.round.code.tex)
(/usr/share/texmf-dist/tex/generic/pgf/math/pgfmathfunctions.misc.code.tex)
(/usr/share/texmf-dist/tex/generic/pgf/math/pgfmathfunctions.integerarithmetics
.code.tex))) (/usr/share/texmf-dist/tex/generic/pgf/math/pgfmathfloat.code.tex
\c@pgfmathroundto@lastzeros=\count130
))
\pgffor@iter=\dimen128
\pgffor@skip=\dimen129
\pgffor@stack=\toks40
\pgffor@toks=\toks41
)
\psLoopIndex=\count131

`PSTricks' v2.95  <2019/01/22> (tvz,hv)
\pst@dima=\dimen130
\pst@dimb=\dimen131
\pst@dimc=\dimen132
\pst@dimd=\dimen133
\pst@dimg=\dimen134
\pst@dimh=\dimen135
\pst@dimm=\dimen136
\pst@dimn=\dimen137
\pst@dimo=\dimen138
\pst@dimp=\dimen139
\pst@hbox=\box32
\pst@ibox=\box33
\pst@boxg=\box34
\pst@cnta=\count132
\pst@cntb=\count133
\pst@cntc=\count134
\pst@cntd=\count135
\pst@cntg=\count136
\pst@cnth=\count137
\pst@cntm=\count138
\pst@cntn=\count139
\pst@cnto=\count140
\pst@cntp=\count141
\@zero=\count142
\pst@toks=\toks42
(/usr/share/texmf-dist/tex/generic/pstricks/pstricks.con)
\psunit=\dimen140
\psxunit=\dimen141
\psyunit=\dimen142
\pst@C@@rType=\count143
\pslinewidth=\dimen143
\psk@startLW=\dimen144
\psk@endLW=\dimen145
\pst@customdefs=\toks43
\pslinearc=\dimen146
\pst@symbolStep=\dimen147
\pst@symbolWidth=\dimen148
\pst@symbolLinewidth=\dimen149
\everypsbox=\toks44
\psframesep=\dimen150
\pslabelsep=\dimen151
\sh@wgridXunit=\dimen152
\sh@wgridYunit=\dimen153
\pst@shift=\dimen154
)
File: pstricks.tex 2019/01/22 v2.95 `PSTricks' (tvz,hv)

(/usr/share/texmf-dist/tex/generic/pstricks/pst-fp.tex)
File: pst-fp.tex 2019/01/22 v2.95 `PST-fp' (hv)
)
(/usr/share/texmf-dist/tex/latex/graphics/graphics.sty
Package: graphics 2017/06/25 v1.2c Standard LaTeX Graphics (DPC,SPQR)

(/usr/share/texmf-dist/tex/latex/graphics/trig.sty
Package: trig 2016/01/03 v1.10 sin cos tan (DPC)
)
(/usr/share/texmf-dist/tex/latex/graphics-cfg/graphics.cfg
File: graphics.cfg 2016/06/04 v1.11 sample graphics configuration
)
Package graphics Info: Driver file: pdftex.def on input line 99.
)
(/usr/share/texmf-dist/tex/latex/graphics/graphicx.sty
Package: graphicx 2017/06/01 v1.1a Enhanced LaTeX Graphics (DPC,SPQR)
\Gin@req@height=\dimen155
\Gin@req@width=\dimen156
)
(/usr/share/texmf-dist/tex/latex/hyperref/hyperref.sty
Package: hyperref 2018/11/30 v6.88e Hypertext links for LaTeX

(/usr/share/texmf-dist/tex/latex/hobsub-hyperref.sty
Package: hobsub-hyperref 2016/05/16 v1.14 Bundle oberdiek, subset hyperref (HO)


(/usr/share/texmf-dist/tex/latex/hobsub-generic.sty
Package: hobsub-generic 2016/05/16 v1.14 Bundle oberdiek, subset generic (HO)
Package: hobsub 2016/05/16 v1.14 Construct package bundles (HO)
Package: infwarerr 2016/05/16 v1.4 Providing info/warning/error messages (HO)
Package: ltxcmds 2016/05/16 v1.23 LaTeX kernel commands for general use (HO)
Package: ifluatex 2016/05/16 v1.4 Provides the ifluatex switch (HO)
Package ifluatex Info: LuaTeX not detected.
Package: ifvtex 2016/05/16 v1.6 Detect VTeX and its facilities (HO)
Package ifvtex Info: VTeX not detected.
Package: intcalc 2016/05/16 v1.2 Expandable calculations with integers (HO)
Package: ifpdf 2018/09/07 v3.3 Provides the ifpdf switch
Package: etexcmds 2016/05/16 v1.6 Avoid name clashes with e-TeX commands (HO)
Package etexcmds Info: Could not find \expanded.
(etexcmds)             That can mean that you are not using pdfTeX 1.50 or
(etexcmds)             that some package has redefined \expanded.
(etexcmds)             In the latter case, load this package earlier.
Package: kvsetkeys 2016/05/16 v1.17 Key value parser (HO)
Package: kvdefinekeys 2016/05/16 v1.4 Define keys (HO)
Package: pdftexcmds 2018/09/10 v0.29 Utility functions of pdfTeX for LuaTeX (HO
)
Package pdftexcmds Info: LuaTeX not detected.
Package pdftexcmds Info: \pdf@primitive is available.
Package pdftexcmds Info: \pdf@ifprimitive is available.
Package pdftexcmds Info: \pdfdraftmode found.
Package: pdfescape 2016/05/16 v1.14 Implements pdfTeX's escape features (HO)
Package: bigintcalc 2016/05/16 v1.4 Expandable calculations on big integers (HO
)
Package: bitset 2016/05/16 v1.2 Handle bit-vector datatype (HO)
Package: uniquecounter 2016/05/16 v1.3 Provide unlimited unique counter (HO)
)
Package hobsub Info: Skipping package `hobsub' (already loaded).
Package: letltxmacro 2016/05/16 v1.5 Let assignment for LaTeX macros (HO)
Package: hopatch 2016/05/16 v1.3 Wrapper for package hooks (HO)
Package: xcolor-patch 2016/05/16 xcolor patch
Package: atveryend 2016/05/16 v1.9 Hooks at the very end of document (HO)
Package atveryend Info: \enddocument detected (standard20110627).
Package: atbegshi 2016/06/09 v1.18 At begin shipout hook (HO)
Package: refcount 2016/05/16 v3.5 Data extraction from label references (HO)
Package: hycolor 2016/05/16 v1.8 Color options for hyperref/bookmark (HO)
)
(/usr/share/texmf-dist/tex/generic/ifxetex/ifxetex.sty
Package: ifxetex 2010/09/12 v0.6 Provides ifxetex conditional
)
(/usr/share/texmf-dist/tex/latex/auxhook.sty
Package: auxhook 2016/05/16 v1.4 Hooks for auxiliary files (HO)
)
(/usr/share/texmf-dist/tex/latex/kvoptions.sty
Package: kvoptions 2016/05/16 v3.12 Key value format for package options (HO)
)
\@linkdim=\dimen157
\Hy@linkcounter=\count144
\Hy@pagecounter=\count145

(/usr/share/texmf-dist/tex/latex/hyperref/pd1enc.def
File: pd1enc.def 2018/11/30 v6.88e Hyperref: PDFDocEncoding definition (HO)
Now handling font encoding PD1 ...
... no UTF-8 mapping file for font encoding PD1
)
\Hy@SavedSpaceFactor=\count146
Package hyperref Info: Option `unicode' set `true' on input line 3475.

(/usr/share/texmf-dist/tex/latex/hyperref/puenc.def
File: puenc.def 2018/11/30 v6.88e Hyperref: PDF Unicode definition (HO)
Now handling font encoding PU ...
... no UTF-8 mapping file for font encoding PU
)
(/usr/share/texmf-dist/tex/latex/latexconfig/hyperref.cfg
File: hyperref.cfg 2002/06/06 v1.2 hyperref configuration of TeXLive
)
Package hyperref Info: Option `breaklinks' set `true' on input line 4393.
Package hyperref Info: Hyper figures OFF on input line 4519.
Package hyperref Info: Link nesting OFF on input line 4524.
Package hyperref Info: Hyper index ON on input line 4527.
Package hyperref Info: Plain pages OFF on input line 4534.
Package hyperref Info: Backreferencing OFF on input line 4539.
Package hyperref Info: Implicit mode ON; LaTeX internals redefined.
Package hyperref Info: Bookmarks ON on input line 4772.
\c@Hy@tempcnt=\count147

(/usr/share/texmf-dist/tex/latex/url/url.sty
\Urlmuskip=\muskip11
Package: url 2013/09/16  ver 3.4  Verb mode for urls, etc.
)
LaTeX Info: Redefining \url on input line 5125.
\XeTeXLinkMargin=\dimen158
\Fld@menulength=\count148
\Field@Width=\dimen159
\Fld@charsize=\dimen160
Package hyperref Info: Hyper figures OFF on input line 6380.
Package hyperref Info: Link nesting OFF on input line 6385.
Package hyperref Info: Hyper index ON on input line 6388.
Package hyperref Info: backreferencing OFF on input line 6395.
Package hyperref Info: Link coloring OFF on input line 6400.
Package hyperref Info: Link coloring with OCG OFF on input line 6405.
Package hyperref Info: PDF/A mode OFF on input line 6410.
LaTeX Info: Redefining \ref on input line 6450.
LaTeX Info: Redefining \pageref on input line 6454.
\Hy@abspage=\count149
\c@Item=\count150
\c@Hfootnote=\count151
)
Package hyperref Info: Driver (autodetected): hpdftex.

(/usr/share/texmf-dist/tex/latex/hyperref/hpdftex.def
File: hpdftex.def 2018/11/30 v6.88e Hyperref driver for pdfTeX
\Fld@listcount=\count152
\c@bookmark@seq@number=\count153

(/usr/share/texmf-dist/tex/latex/rerunfilecheck.sty
Package: rerunfilecheck 2016/05/16 v1.8 Rerun checks for auxiliary files (HO)
Package uniquecounter Info: New unique counter `rerunfilecheck' on input line 2
82.
)
\Hy@SectionHShift=\skip49
)
(/usr/share/texmf-dist/tex/latex/tools/longtable.sty
Package: longtable 2014/10/28 v4.11 Multi-page Table package (DPC)+ FMi change
\LTleft=\skip50
\LTright=\skip51
\LTpre=\skip52
\LTpost=\skip53
\LTchunksize=\count154
\LTcapwidth=\dimen161
\LT@head=\box35
\LT@firsthead=\box36
\LT@foot=\box37
\LT@lastfoot=\box38
\LT@cols=\count155
\LT@rows=\count156
\c@LT@tables=\count157
\c@LT@chunks=\count158
\LT@p@ftn=\toks45
)
(/usr/share/texmf-dist/tex/latex/algorithm2e/algorithm2e.sty
Package: algorithm2e 2017/07/18 v5.2 algorithms environments
\c@AlgoLine=\count159
\algocf@hangindent=\skip54

(/usr/share/texmf-dist/tex/latex/ifoddpage/ifoddpage.sty
Package: ifoddpage 2016/04/23 v1.1 Conditionals for odd/even page detection
\c@checkoddpage=\count160
)
(/usr/share/texmf-dist/tex/latex/tools/xspace.sty
Package: xspace 2014/10/28 v1.13 Space after command names (DPC,MH)
)
(/usr/share/texmf-dist/tex/latex/relsize/relsize.sty
Package: relsize 2013/03/29 ver 4.1
)
\skiptotal=\skip55
\skiplinenumber=\skip56
\skiprule=\skip57
\skiphlne=\skip58
\skiptext=\skip59
\skiplength=\skip60
\algomargin=\skip61
\skipalgocfslide=\skip62
\algowidth=\dimen162
\inoutsize=\dimen163
\inoutindent=\dimen164
\interspacetitleruled=\dimen165
\interspacealgoruled=\dimen166
\interspacetitleboxruled=\dimen167
\algocf@ruledwidth=\skip63
\algocf@inoutbox=\box39
\algocf@inputbox=\box40
\AlCapSkip=\skip64
\AlCapHSkip=\skip65
\algoskipindent=\skip66
\algocf@nlbox=\box41
\algocf@hangingbox=\box42
\algocf@untilbox=\box43
\algocf@skipuntil=\skip67
\algocf@capbox=\box44
\algocf@lcaptionbox=\skip68
\algoheightruledefault=\skip69
\algoheightrule=\skip70
\algotitleheightruledefault=\skip71
\algotitleheightrule=\skip72
\c@algocfline=\count161
\c@algocfproc=\count162
\c@algocf=\count163
\algocf@algoframe=\box45
\algocf@algobox=\box46
)
(/usr/share/texmf-dist/tex/latex/tools/enumerate.sty
Package: enumerate 2015/07/23 v3.00 enumerate extensions (DPC)
\@enLab=\toks46
)
(/usr/share/texmf-dist/tex/latex/enumitem/enumitem.sty
Package: enumitem 2019/02/04 v3.8 Customized lists
\labelindent=\skip73
\enit@outerparindent=\dimen168
\enit@toks=\toks47
\enit@inbox=\box47
\enit@count@id=\count164
\enitdp@description=\count165
)
(/usr/share/texmf-dist/tex/latex/python/python.sty
Package: python 2007/06/07 v0.21 Python in LaTeX
\@out=\write3
\@module=\write4
))
(/usr/share/texmf-dist/tex/latex/geometry/geometry.sty
Package: geometry 2018/04/16 v5.8 Page Geometry
\Gm@cnth=\count166
\Gm@cntv=\count167
\c@Gm@tempcnt=\count168
\Gm@bindingoffset=\dimen169
\Gm@wd@mp=\dimen170
\Gm@odd@mp=\dimen171
\Gm@even@mp=\dimen172
\Gm@layoutwidth=\dimen173
\Gm@layoutheight=\dimen174
\Gm@layouthoffset=\dimen175
\Gm@layoutvoffset=\dimen176
\Gm@dimlist=\toks48
)

Package geometry Warning: \topskip was changed from 14.0pt to 17.06459pt.

\c@problem=\count169
\c@example=\count170
\c@proposition=\count171
\c@corollary=\count172
\c@lemma=\count173
\c@theorem=\count174
\c@definition=\count175
\c@remark=\count176
(./phd.aux)
\openout1 = `phd.aux'.

LaTeX Font Info:    Checking defaults for OML/cmm/m/it on input line 195.
LaTeX Font Info:    ... okay on input line 195.
LaTeX Font Info:    Checking defaults for T1/cmr/m/n on input line 195.
LaTeX Font Info:    ... okay on input line 195.
LaTeX Font Info:    Checking defaults for OT1/cmr/m/n on input line 195.
LaTeX Font Info:    ... okay on input line 195.
LaTeX Font Info:    Checking defaults for OMS/cmsy/m/n on input line 195.
LaTeX Font Info:    ... okay on input line 195.
LaTeX Font Info:    Checking defaults for OMX/cmex/m/n on input line 195.
LaTeX Font Info:    ... okay on input line 195.
LaTeX Font Info:    Checking defaults for U/cmr/m/n on input line 195.
LaTeX Font Info:    ... okay on input line 195.
LaTeX Font Info:    Checking defaults for T2A/cmr/m/n on input line 195.
LaTeX Font Info:    ... okay on input line 195.
LaTeX Font Info:    Checking defaults for PD1/pdf/m/n on input line 195.
LaTeX Font Info:    ... okay on input line 195.
LaTeX Font Info:    Checking defaults for PU/pdf/m/n on input line 195.
LaTeX Font Info:    ... okay on input line 195.
LaTeX Font Info:    Try loading font information for T2A+ptm on input line 195.

LaTeX Font Info:    No file T2Aptm.fd. on input line 195.


LaTeX Font Warning: Font shape `T2A/ptm/m/n' undefined
(Font)              using `T2A/cmr/m/n' instead on input line 195.

\c@lstlisting=\count177
(/usr/share/texmf-dist/tex/context/base/mkii/supp-pdf.mkii
[Loading MPS to PDF converter (version 2006.09.02).]
\scratchcounter=\count178
\scratchdimen=\dimen177
\scratchbox=\box48
\nofMPsegments=\count179
\nofMParguments=\count180
\everyMPshowfont=\toks49
\MPscratchCnt=\count181
\MPscratchDim=\dimen178
\MPnumerator=\count182
\makeMPintoPDFobject=\count183
\everyMPtoPDFconversion=\toks50
) (/usr/share/texmf-dist/tex/latex/epstopdf-base.sty
Package: epstopdf-base 2016/05/15 v2.6 Base part for package epstopdf

(/usr/share/texmf-dist/tex/latex/grfext.sty
Package: grfext 2016/05/16 v1.2 Manage graphics extensions (HO)
)
Package epstopdf-base Info: Redefining graphics rule for `.eps' on input line 4
38.
Package grfext Info: Graphics extension search list:
(grfext)             [.pdf,.png,.jpg,.mps,.jpeg,.jbig2,.jb2,.PDF,.PNG,.JPG,.JPE
G,.JBIG2,.JB2,.eps]
(grfext)             \AppendGraphicsExtensions on input line 456.

(/usr/share/texmf-dist/tex/latex/latexconfig/epstopdf-sys.cfg
File: epstopdf-sys.cfg 2010/07/13 v1.3 Configuration of (r)epstopdf for TeX Liv
e
))
\AtBeginShipoutBox=\box49
Package hyperref Info: Link coloring OFF on input line 195.

(/usr/share/texmf-dist/tex/latex/hyperref/nameref.sty
Package: nameref 2016/05/21 v2.44 Cross-referencing by name of section

(/usr/share/texmf-dist/tex/latex/gettitlestring.sty
Package: gettitlestring 2016/05/16 v1.5 Cleanup title references (HO)
)
\c@section@level=\count184
)
LaTeX Info: Redefining \ref on input line 195.
LaTeX Info: Redefining \pageref on input line 195.
LaTeX Info: Redefining \nameref on input line 195.
 (./phd.out) (./phd.out)
\@outlinefile=\write5
\openout5 = `phd.out'.


*geometry* driver: auto-detecting
*geometry* detected driver: pdftex
*geometry* verbose mode - [ preamble ] result:
* driver: pdftex
* paper: <default>
* layout: <same size as paper>
* layoutoffset:(h,v)=(0.0pt,0.0pt)
* lines: 29
* vratio: 1:1
* modes: 
* h-part:(L,W,R)=(85.35826pt, 469.47049pt, 42.67912pt)
* v-part:(T,H,B)=(72.69775pt, 699.65132pt, 72.69777pt)
* \paperwidth=597.50787pt
* \paperheight=845.04684pt
* \textwidth=469.47049pt
* \textheight=699.65132pt
* \oddsidemargin=13.08827pt
* \evensidemargin=13.08827pt
* \topmargin=-38.57224pt
* \headheight=14.0pt
* \headsep=25.0pt
* \topskip=17.06459pt
* \footskip=30.0pt
* \marginparwidth=15.0pt
* \marginparsep=10.0pt
* \columnsep=10.0pt
* \skip\footins=12.0pt plus 4.0pt minus 2.0pt
* \hoffset=0.0pt
* \voffset=0.0pt
* \mag=1000
* \@twocolumnfalse
* \@twosidefalse
* \@mparswitchfalse
* \@reversemarginfalse
* (1in=72.27pt=25.4mm, 1cm=28.453pt)


LaTeX Font Warning: Font shape `T2A/ptm/m/sc' undefined
(Font)              using `T2A/ptm/m/n' instead on input line 221.


LaTeX Font Warning: Font shape `T2A/ptm/bx/n' undefined
(Font)              using `T2A/ptm/m/n' instead on input line 221.


LaTeX Font Warning: Font shape `T2A/ptm/bx/sc' undefined
(Font)              using `T2A/ptm/bx/n' instead on input line 221.

[1
Non-PDF special ignored!
<special> header=pstricks.pro
Non-PDF special ignored!
<special> header=pst-algparser.pro
Non-PDF special ignored!
<special> header=pst-tools.pro
Non-PDF special ignored!
<special> header=pst-dots.pro

Non-PDF special ignored!
<special> ps: /pssetRGBcolor /setrgbcolor load def /pssetCMYKcolor /setcmyk...
Non-PDF special ignored!
<special> ps:tx@Dict begin  gsave STV CP T /ps@rot 0 def grestore  end
Non-PDF special ignored!
<special> ps:tx@Dict begin  gsave STV CP T /ps@refangle 0.  def grestore  e...
{/var/lib/texmf/fonts/map/pdftex/updmap/pdftex.map}] (./phd.toc
LaTeX Font Info:    Try loading font information for T1+ptm on input line 1.

(/usr/share/texmf-dist/tex/latex/psnfss/t1ptm.fd
File: t1ptm.fd 2001/06/04 font definitions for T1/ptm.
)<<t1.cmap>>
LaTeX Font Info:    Try loading font information for OT1+ztmcm on input line 7.


(/usr/share/texmf-dist/tex/latex/psnfss/ot1ztmcm.fd
File: ot1ztmcm.fd 2000/01/03 Fontinst v1.801 font definitions for OT1/ztmcm.
)<<ot1.cmap>>
LaTeX Font Info:    Try loading font information for OML+ztmcm on input line 7.


(/usr/share/texmf-dist/tex/latex/psnfss/omlztmcm.fd
File: omlztmcm.fd 2000/01/03 Fontinst v1.801 font definitions for OML/ztmcm.
)<<oml.cmap>>
LaTeX Font Info:    Try loading font information for OMS+ztmcm on input line 7.


(/usr/share/texmf-dist/tex/latex/psnfss/omsztmcm.fd
File: omsztmcm.fd 2000/01/03 Fontinst v1.801 font definitions for OMS/ztmcm.
)<<oms.cmap>>
LaTeX Font Info:    Try loading font information for OMX+ztmcm on input line 7.


(/usr/share/texmf-dist/tex/latex/psnfss/omxztmcm.fd
File: omxztmcm.fd 2000/01/03 Fontinst v1.801 font definitions for OMX/ztmcm.
)<<omx.cmap>>
LaTeX Font Info:    Try loading font information for OT1+ptm on input line 7.

(/usr/share/texmf-dist/tex/latex/psnfss/ot1ptm.fd
File: ot1ptm.fd 2001/06/04 font definitions for OT1/ptm.
)
LaTeX Font Info:    Font shape `OT1/ptm/bx/n' in size <14.4> not available
(Font)              Font shape `OT1/ptm/b/n' tried instead on input line 7.
LaTeX Font Info:    Font shape `OT1/ptm/bx/n' in size <10.95> not available
(Font)              Font shape `OT1/ptm/b/n' tried instead on input line 7.
LaTeX Font Info:    Font shape `OT1/ptm/bx/n' in size <8> not available
(Font)              Font shape `OT1/ptm/b/n' tried instead on input line 7.

Overfull \hbox (2.18309pt too wide) in paragraph at lines 21--21
 [] [][]\T2A/ptm/bx/n/14.4 Маршрутизацiя за-пи-тiв у роз-подi-ленiй си-сте-мi д
а-них. Порiв- 
 []

[2

])
\tf@toc=\write6
\openout6 = `phd.toc'.

 [3]
Overfull \hbox (20.16212pt too wide) in paragraph at lines 229--235
 []\T2A/ptm/bx/n/14.4 Актуальнiсть те-ми.[] В на-ше сьо-го-ден-ня iн-но-ва-цiй-
нi тех-но-ло-гiЁ з'являються
 []


Overfull \hbox (32.28249pt too wide) in paragraph at lines 236--239
\T2A/ptm/bx/n/14.4 но за-до-вiль-ни-ти всi три ха-рак-те-ри-сти-ки для схо-ви-щ
а, уз-год-женiсть (consistency),
 []


Overfull \hbox (3.16457pt too wide) in paragraph at lines 243--246
 []\T2A/ptm/bx/n/14.4 Вза№мозв'язок ро-бо-ти з на-у-ко-ви-ми про-гра-ма-ми, пла
-на-ми, те-ма-ми.[] Дис-
 []


Underfull \hbox (badness 10000) in paragraph at lines 243--246
\T2A/ptm/bx/n/14.4 сер-та-цiй-на ро-бо-та ви-ко-на-на згiд-но з пла-ном
 []


Overfull \hbox (78.59097pt too wide) in paragraph at lines 243--246
\T2A/ptm/bx/n/14.4 наково-дослiдницьких ра-бот Хар-кiвсь-ко-го На-цiо-наль-но-г
о Унiвер-си-те-ту iм.В.Н.Каразiна
 []

[4

]
Overfull \hbox (7.0166pt too wide) in paragraph at lines 262--263
[]\T2A/ptm/bx/n/14.4 побудова ма-те-ма-тич-ноЁ мо-делi для роз-подi-ле-но-го сх
ов-щиа да-них, скла-
 []


Overfull \hbox (10.46187pt too wide) in paragraph at lines 263--264
[]\T2A/ptm/bx/n/14.4 сформованi ме-то-ди оцiн-ки мет-рик для оцi-ню-ван-ня CAP-
характеристик 
 []

[5] [6]
{\cyrillictext \CYRG \cyrl \cyra \cyrv \cyra } 1.
[7

]
<images/data_scale_base.jpg, id=189, 319.1925pt x 368.37625pt>
File: images/data_scale_base.jpg Graphic file (type jpg)
<use images/data_scale_base.jpg>
Package pdftex.def Info: images/data_scale_base.jpg  used on input line 313.
(pdftex.def)             Requested size: 469.47049pt x 541.81572pt.
 [8] [9 <./images/data_scale_base.jpg>] [10] [11]

LaTeX Font Warning: Font shape `T2A/ptm/m/it' undefined
(Font)              using `T2A/ptm/m/n' instead on input line 366.

[12] [13]
Overfull \hbox (6.28223pt too wide) in paragraph at lines 403--406
[]\T2A/ptm/bx/n/14.4 Redis про-по-ну№ кiль-ка шляхiв для на-ла-шту-ван-ня та-ко
Ё ча-сто-ти. Мож-
 []

[14]
Overfull \hbox (7.96846pt too wide) in paragraph at lines 422--425
\T2A/ptm/bx/n/14.4 пли-ка-цiЁ да-них. Всi опе-ра-цiЁ, зв'язанi з ма-сте-ром, ко
-ри-сту-ють-ся реплi-
 []

[15] [16]
<images/sample_schema.jpg, id=234, 319.1925pt x 244.915pt>
File: images/sample_schema.jpg Graphic file (type jpg)
<use images/sample_schema.jpg>
Package pdftex.def Info: images/sample_schema.jpg  used on input line 464.
(pdftex.def)             Requested size: 469.47049pt x 360.22624pt.
<images/sql_query.jpg, id=237, 459.7175pt x 155.58125pt>
File: images/sql_query.jpg Graphic file (type jpg)
<use images/sql_query.jpg>
Package pdftex.def Info: images/sql_query.jpg  used on input line 477.
(pdftex.def)             Requested size: 469.47049pt x 158.89017pt.
 [17] [18 <./images/sample_schema.jpg> <./images/sql_query.jpg>]
<images/transaction.jpg, id=248, 465.74pt x 199.74625pt>
File: images/transaction.jpg Graphic file (type jpg)
<use images/transaction.jpg>
Package pdftex.def Info: images/transaction.jpg  used on input line 489.
(pdftex.def)             Requested size: 469.47049pt x 201.35199pt.

[19 <./images/transaction.jpg>]
Overfull \hbox (8.96674pt too wide) in paragraph at lines 497--498
[]\T2A/ptm/bx/n/14.4 Цей при-клад да№ пев-нi сво-бо-ди син-так-си-сом i спро-щу
№ ло-гiку для iлюстра-
 []

<images/transaction_2.jpg, id=255, 479.7925pt x 307.1475pt>
File: images/transaction_2.jpg Graphic file (type jpg)
<use images/transaction_2.jpg>
Package pdftex.def Info: images/transaction_2.jpg  used on input line 501.
(pdftex.def)             Requested size: 469.47049pt x 300.5432pt.
[20 <./images/transaction_2.jpg>]
<images/fig6.jpg, id=261, 319.1925pt x 195.73125pt>
File: images/fig6.jpg Graphic file (type jpg)
<use images/fig6.jpg>
Package pdftex.def Info: images/fig6.jpg  used on input line 523.
(pdftex.def)             Requested size: 469.47049pt x 287.88573pt.
<images/fig7.jpg, id=264, 476.78125pt x 464.73625pt>
File: images/fig7.jpg Graphic file (type jpg)
<use images/fig7.jpg>
Package pdftex.def Info: images/fig7.jpg  used on input line 531.
(pdftex.def)             Requested size: 469.47049pt x 457.63672pt.
 [21]
<images/fig8.jpg, id=270, 324.21124pt x 301.125pt>
File: images/fig8.jpg Graphic file (type jpg)
<use images/fig8.jpg>
Package pdftex.def Info: images/fig8.jpg  used on input line 548.
(pdftex.def)             Requested size: 469.47049pt x 436.06868pt.
<images/fig9.jpg, id=271, 665.48625pt x 151.56625pt>
File: images/fig9.jpg Graphic file (type jpg)
<use images/fig9.jpg>
Package pdftex.def Info: images/fig9.jpg  used on input line 554.
(pdftex.def)             Requested size: 469.47049pt x 106.92358pt.
 [22 <./images/fig6.jpg>] [23 <./images/fig7.jpg>] [24 <./images/fig8.jpg> <./i
mages/fig9.jpg>] [25] [26] [27] [28]
[29]
Overfull \hbox (7.99309pt too wide) in paragraph at lines 651--652
[]\T2A/ptm/bx/n/14.4 Послiдовна несу-переч-ливiсть (sequential consistency) - р
е-зуль-тат будь-
 []

[30] [31]
<images/load-balancing-general.jpg, id=322, 602.25pt x 351.3125pt>
File: images/load-balancing-general.jpg Graphic file (type jpg)
<use images/load-balancing-general.jpg>
Package pdftex.def Info: images/load-balancing-general.jpg  used on input line 
673.
(pdftex.def)             Requested size: 469.47049pt x 273.86717pt.
 [32 <./images/load-balancing-general.jpg>]
<images/Classification-of-load-balancing-algorithms-in-cloud.png, id=330, 224.3
655pt x 147.168pt>
File: images/Classification-of-load-balancing-algorithms-in-cloud.png Graphic f
ile (type png)
<use images/Classification-of-load-balancing-algorithms-in-cloud.png>
Package pdftex.def Info: images/Classification-of-load-balancing-algorithms-in-
cloud.png  used on input line 685.
(pdftex.def)             Requested size: 469.47049pt x 307.96826pt.
 [33 <./images/Classification-of-load-balancing-algorithms-in-cloud.png>]
Overfull \hbox (12.75238pt too wide) in paragraph at lines 708--712
[]\T2A/ptm/bx/n/14.4 b) Ал-го-ритм "Цен-траль-ний ме-не-джер"(Central Manager A
lgorithm)
 []

[34]
Overfull \hbox (1.57343pt too wide) in paragraph at lines 712--713
\T2A/ptm/bx/n/14.4 (medium) та пе-ре-на-ван-та-жен-ня (overloaded). Два па-ра-м
ет-ри $\OML/ztmcm/m/it/14.4 t[]$
 []

[35] [36] [37] [38]
{\cyrillictext \CYRG \cyrl \cyra \cyrv \cyra } 2.

Underfull \hbox (badness 10000) in paragraph at lines 756--757

 []


Overfull \hbox (20.14548pt too wide) in alignment at lines 758--764
[][][]
 []


Overfull \hbox (21.14975pt too wide) in paragraph at lines 758--765
[][] 
 []


Overfull \hbox (20.0464pt too wide) in alignment at lines 773--778
[][][][]
 []

[39

]
LaTeX Font Info:    Font shape `OT1/ptm/bx/n' in size <10> not available
(Font)              Font shape `OT1/ptm/b/n' tried instead on input line 790.
LaTeX Font Info:    Font shape `OT1/ptm/bx/n' in size <7.4> not available
(Font)              Font shape `OT1/ptm/b/n' tried instead on input line 790.
LaTeX Font Info:    Font shape `OT1/ptm/bx/n' in size <6> not available
(Font)              Font shape `OT1/ptm/b/n' tried instead on input line 790.
 [40]
Overfull \hbox (18.47685pt too wide) in alignment at lines 819--824
[][][][]
 []

[41]
{\cyrillictext \CYRG \cyrl \cyra \cyrv \cyra } 3.

Overfull \hbox (35.70023pt too wide) in paragraph at lines 837--842
[]\T2A/ptm/m/it/14.4 Розподiленi ба-зи да-них ска-ла-да-ють-ся з N роз-подi-ле-
них ма-шин, якi об'№днують
 []


Overfull \hbox (4.52391pt too wide) in paragraph at lines 837--842
\T2A/ptm/m/it/14.4 у рiз-нi групи - кла-сте-ри або ж про-сто в окре-мi неза-леж
-нi ву-з-ли комп'ютерноЁ
 []

[42

]
Overfull \hbox (2.67905pt too wide) in paragraph at lines 853--854
[]\T2A/ptm/m/it/14.4 Пiдтримка най-бiльш по-ши-ре-них про-то-колiв баз да-них: 
ODBC, JDBC
 []

[43]
Overfull \hbox (73.22469pt too wide) in paragraph at lines 863--866
\T2A/ptm/m/it/14.4 модiю мiж Nginx та кла-сте-ром ба-зи да-них (див. []3.1[]) h
ttps://www.nginx.com/blog/mysql-
 []

<images/nginx-plus-load-balancing.png, id=402, 903.375pt x 258.9675pt>
File: images/nginx-plus-load-balancing.png Graphic file (type png)
<use images/nginx-plus-load-balancing.png>
Package pdftex.def Info: images/nginx-plus-load-balancing.png  used on input li
ne 869.
(pdftex.def)             Requested size: 469.47049pt x 134.58482pt.
[44 <./images/nginx-plus-load-balancing.png>]
<images/compare_nginx_nginx_plus.png, id=409, 866.23625pt x 887.315pt>
File: images/compare_nginx_nginx_plus.png Graphic file (type png)
<use images/compare_nginx_nginx_plus.png>
Package pdftex.def Info: images/compare_nginx_nginx_plus.png  used on input lin
e 885.
(pdftex.def)             Requested size: 469.47049pt x 480.88954pt.
<images/haproxy_database_balancing.png, id=411, 654.445pt x 377.41pt>
File: images/haproxy_database_balancing.png Graphic file (type png)
<use images/haproxy_database_balancing.png>
Package pdftex.def Info: images/haproxy_database_balancing.png  used on input l
ine 897.
(pdftex.def)             Requested size: 469.47049pt x 270.73871pt.
 [45] [46 <./images/compare_nginx_nginx_plus.png>] [47 <./images/haproxy_databa
se_balancing.png>] [48]
<images/mysqlchk.png, id=434, 565.11125pt x 372.39125pt>
File: images/mysqlchk.png Graphic file (type png)
<use images/mysqlchk.png>
Package pdftex.def Info: images/mysqlchk.png  used on input line 930.
(pdftex.def)             Requested size: 469.47049pt x 309.37445pt.

Overfull \hbox (7.91957pt too wide) in paragraph at lines 935--936
[]\T2A/ptm/m/it/14.4 https://severalnines.com/resources/tutorials/mysql-load-ba
lancing-haproxy-
 []

[49 <./images/mysqlchk.png>] [50]
Overfull \hbox (0.94426pt too wide) in paragraph at lines 972--974
 \T2A/ptm/m/it/14.4 3.1.3. Iн-шi ба-лан-с-у-валь-ни-ки.[][] Ми роз-ди-ви-ли-ся 
най-бiльш по-пу-ляр-нi, по-
 []


Overfull \hbox (3.22597pt too wide) in paragraph at lines 972--974
\T2A/ptm/m/it/14.4 туж-нi, ба-га-то-функ-цiо-наль-нi ба-лан-с-у-валь-ни-ки на-в
ан-та-жен-ня з гнуч-кою кон-
 []


Overfull \hbox (68.82378pt too wide) in paragraph at lines 975--977
\T2A/ptm/m/it/14.4 ня за на-ши-ми ви-мо-га-ми. [30] https://opensource.googlebl
og.com/2016/01/seesaw-
 []


Overfull \hbox (42.74368pt too wide) in paragraph at lines 982--986
\T2A/ptm/m/it/14.4 лан-с-у-валь-ник. [31] https://www.ebayinc.com/stories/blogs
/tech/announcing-
 []


Overfull \hbox (33.73796pt too wide) in paragraph at lines 982--986
\T2A/ptm/m/it/14.4 neutrino-for-load-balancing-and-l7-switching/ . Рi-шен-ня ро
-з-ро-би-ти Neutrino
 []

[51] [52]
Overfull \hbox (9.24867pt too wide) in paragraph at lines 1008--1009
[]\T2A/ptm/m/it/14.4 Виконання опе-ра-цiй в хеш-таблицi по-чи-на№ть-ся з об-чис
-лен-ня хеш-функцiЁ
 []

[53]
Overfull \hbox (0.74797pt too wide) in paragraph at lines 1030--1032
[]\T2A/ptm/m/it/14.4 Необхiдно за-без-пе-чи-ти для хеш-таблицi ре-алi-за-цiю ос
-нов-них опе-ра-торiв: 
 []

[54]
Underfull \hbox (badness 10000) in paragraph at lines 1042--1044

 []


Overfull \hbox (20.14548pt too wide) in alignment at lines 1045--1058
[][][]
 []


Overfull \hbox (21.14975pt too wide) in paragraph at lines 1045--1059
[][] 
 []

[55]
<images/d_component_without_lb.jpg, id=473, 1134.2375pt x 702.625pt>
File: images/d_component_without_lb.jpg Graphic file (type jpg)
<use images/d_component_without_lb.jpg>
Package pdftex.def Info: images/d_component_without_lb.jpg  used on input line 
1074.
(pdftex.def)             Requested size: 469.47049pt x 290.82272pt.
<images/d_concept_without_lb.jpg, id=476, 592.2125pt x 542.025pt>
File: images/d_concept_without_lb.jpg Graphic file (type jpg)
<use images/d_concept_without_lb.jpg>
Package pdftex.def Info: images/d_concept_without_lb.jpg  used on input line 10
83.
(pdftex.def)             Requested size: 469.47049pt x 429.7003pt.
 [56]
<images/d_sequence_without_lb.jpg, id=483, 692.5875pt x 371.3875pt>
File: images/d_sequence_without_lb.jpg Graphic file (type jpg)
<use images/d_sequence_without_lb.jpg>
Package pdftex.def Info: images/d_sequence_without_lb.jpg  used on input line 1
092.
(pdftex.def)             Requested size: 469.47049pt x 251.75244pt.
LaTeX Font Info:    Try loading font information for OMS+ptm on input line 1102
.
 (/usr/share/texmf-dist/tex/latex/psnfss/omsptm.fd
File: omsptm.fd 
)
LaTeX Font Info:    Font shape `OMS/ptm/m/n' in size <14.4> not available
(Font)              Font shape `OMS/cmsy/m/n' tried instead on input line 1102.

 [57 <./images/d_component_without_lb.jpg>] [58 <./images/d_concept_without_lb.
jpg>] [59 <./images/d_sequence_without_lb.jpg>]
Overfull \hbox (39.1776pt too wide) in alignment at lines 1125--1129
[][][]
 []


Overfull \hbox (21.14975pt too wide) in paragraph at lines 1125--1130
[][] 
 []

[60]
<images/d_components_lb.jpg, id=505, 863.225pt x 471.7625pt>
File: images/d_components_lb.jpg Graphic file (type jpg)
<use images/d_components_lb.jpg>
Package pdftex.def Info: images/d_components_lb.jpg  used on input line 1136.
(pdftex.def)             Requested size: 469.47049pt x 256.56917pt.
<images/d_concept_lb.jpg, id=506, 903.375pt x 531.9875pt>
File: images/d_concept_lb.jpg Graphic file (type jpg)
<use images/d_concept_lb.jpg>
Package pdftex.def Info: images/d_concept_lb.jpg  used on input line 1144.
(pdftex.def)             Requested size: 469.47049pt x 276.47275pt.
<images/d_sequence_lb.jpg, id=508, 1023.825pt x 451.6875pt>
File: images/d_sequence_lb.jpg Graphic file (type jpg)
<use images/d_sequence_lb.jpg>
Package pdftex.def Info: images/d_sequence_lb.jpg  used on input line 1156.
(pdftex.def)             Requested size: 469.47049pt x 207.11711pt.
 [61] [62 <./images/d_components_lb.jpg> <./images/d_concept_lb.jpg>]
Overfull \hbox (7.60753pt too wide) in paragraph at lines 1166--1167
\T2A/ptm/m/it/14.4 То ж спо-чат-ку ми опи-ше-мо рi-шен-ня ба-лан-с-у-ван-ня з в
и-ко-ри-стан-ням HAProxy
 []

<images/Sequence_Diagram_haproxy.png, id=522, 735.49782pt x 515.67656pt>
File: images/Sequence_Diagram_haproxy.png Graphic file (type png)
<use images/Sequence_Diagram_haproxy.png>
Package pdftex.def Info: images/Sequence_Diagram_haproxy.png  used on input lin
e 1171.
(pdftex.def)             Requested size: 469.47049pt x 329.16632pt.
[63 <./images/d_sequence_lb.jpg>] [64 <./images/Sequence_Diagram_haproxy.png>]
(/usr/share/texmf-dist/tex/latex/listings/lstlang1.sty
File: lstlang1.sty 2018/09/02 1.7 listings language file
)
(/usr/share/texmf-dist/tex/latex/listings/lstlang1.sty
File: lstlang1.sty 2018/09/02 1.7 listings language file
) [65]
Overfull \hbox (26.64642pt too wide) in paragraph at lines 1217--1219
\T2A/ptm/m/it/14.4 чу№ HAProxy Runtime API (див. https://www.haproxy.com/blog/d
ynamic-
 []


Overfull \hbox (3.03435pt too wide) in paragraph at lines 1217--1219
\T2A/ptm/m/it/14.4 configuration-haproxy-runtime-api/). От-же, щой-но екзем-пля
р ба-зи да-
 []

[66]
<images/sequence_diagram_lb_custom_algorithm.png, id=576, 794.97pt x 1109.64563
pt>
File: images/sequence_diagram_lb_custom_algorithm.png Graphic file (type png)
<use images/sequence_diagram_lb_custom_algorithm.png>
Package pdftex.def Info: images/sequence_diagram_lb_custom_algorithm.png  used 
on input line 1232.
(pdftex.def)             Requested size: 469.47049pt x 655.31174pt.


LaTeX Warning: Float too large for page by 41.1281pt on input line 1235.


Overfull \hbox (55.56137pt too wide) in paragraph at lines 1239--1240
[]\T2A/ptm/m/it/14.4 https://www.arangodb.com/2018/02/nosql-performance-benchma
rk-2018-mongodb-
 []

[67] [68 <./images/sequence_diagram_lb_custom_algorithm.png>]

LaTeX Warning: Reference `fig:lb_haproxy_configuration_5000' on page 69 undefin
ed on input line 1249.

<images/lb_custom/w_10_r_500.png, id=599, 462.528pt x 346.896pt>
File: images/lb_custom/w_10_r_500.png Graphic file (type png)
<use images/lb_custom/w_10_r_500.png>
Package pdftex.def Info: images/lb_custom/w_10_r_500.png  used on input line 12
56.
(pdftex.def)             Requested size: 469.47049pt x 352.11952pt.
<images/lb_custom/w_100_r_500.png, id=600, 462.528pt x 346.896pt>
File: images/lb_custom/w_100_r_500.png Graphic file (type png)
<use images/lb_custom/w_100_r_500.png>
Package pdftex.def Info: images/lb_custom/w_100_r_500.png  used on input line 1
266.
(pdftex.def)             Requested size: 469.47049pt x 352.11952pt.
<images/lb_custom/w_3000_r_500.png, id=601, 462.528pt x 346.896pt>
File: images/lb_custom/w_3000_r_500.png Graphic file (type png)
<use images/lb_custom/w_3000_r_500.png>
Package pdftex.def Info: images/lb_custom/w_3000_r_500.png  used on input line 
1275.
(pdftex.def)             Requested size: 469.47049pt x 352.11952pt.
<images/lb_custom/w_5000_r_500.png, id=602, 462.528pt x 346.896pt>
File: images/lb_custom/w_5000_r_500.png Graphic file (type png)
<use images/lb_custom/w_5000_r_500.png>
Package pdftex.def Info: images/lb_custom/w_5000_r_500.png  used on input line 
1284.
(pdftex.def)             Requested size: 469.47049pt x 352.11952pt.
<images/lb_haproxy_configuration/w_10_r_500.png, id=603, 462.528pt x 346.896pt>

File: images/lb_haproxy_configuration/w_10_r_500.png Graphic file (type png)
<use images/lb_haproxy_configuration/w_10_r_500.png>
Package pdftex.def Info: images/lb_haproxy_configuration/w_10_r_500.png  used o
n input line 1296.
(pdftex.def)             Requested size: 469.47049pt x 352.11952pt.
<images/lb_haproxy_configuration/w_100_r_500.png, id=604, 462.528pt x 346.896pt
>
File: images/lb_haproxy_configuration/w_100_r_500.png Graphic file (type png)
<use images/lb_haproxy_configuration/w_100_r_500.png>
Package pdftex.def Info: images/lb_haproxy_configuration/w_100_r_500.png  used 
on input line 1305.
(pdftex.def)             Requested size: 469.47049pt x 352.11952pt.
<images/lb_haproxy_configuration/w_3000_r_500.png, id=605, 462.528pt x 346.896p
t>
File: images/lb_haproxy_configuration/w_3000_r_500.png Graphic file (type png)
<use images/lb_haproxy_configuration/w_3000_r_500.png>
Package pdftex.def Info: images/lb_haproxy_configuration/w_3000_r_500.png  used
 on input line 1314.
(pdftex.def)             Requested size: 469.47049pt x 352.11952pt.
<images/lb_haproxy_configuration/w_5000_r_500.png, id=606, 462.528pt x 346.896p
t>
File: images/lb_haproxy_configuration/w_5000_r_500.png Graphic file (type png)
<use images/lb_haproxy_configuration/w_5000_r_500.png>
Package pdftex.def Info: images/lb_haproxy_configuration/w_5000_r_500.png  used
 on input line 1323.
(pdftex.def)             Requested size: 469.47049pt x 352.11952pt.
<images/own_balancing/w_10_r_500.png, id=607, 462.528pt x 346.896pt>
File: images/own_balancing/w_10_r_500.png Graphic file (type png)
<use images/own_balancing/w_10_r_500.png>
Package pdftex.def Info: images/own_balancing/w_10_r_500.png  used on input lin
e 1334.
(pdftex.def)             Requested size: 469.47049pt x 352.11952pt.
<images/own_balancing/w_100_r_500.png, id=608, 462.528pt x 346.896pt>
File: images/own_balancing/w_100_r_500.png Graphic file (type png)
<use images/own_balancing/w_100_r_500.png>
Package pdftex.def Info: images/own_balancing/w_100_r_500.png  used on input li
ne 1343.
(pdftex.def)             Requested size: 469.47049pt x 352.11952pt.
<images/own_balancing/w_3000_r_500.png, id=609, 462.528pt x 346.896pt>
File: images/own_balancing/w_3000_r_500.png Graphic file (type png)
<use images/own_balancing/w_3000_r_500.png>
Package pdftex.def Info: images/own_balancing/w_3000_r_500.png  used on input l
ine 1352.
(pdftex.def)             Requested size: 469.47049pt x 352.11952pt.
<images/own_balancing/w_5000_r_500.png, id=610, 462.528pt x 346.896pt>
File: images/own_balancing/w_5000_r_500.png Graphic file (type png)
<use images/own_balancing/w_5000_r_500.png>
Package pdftex.def Info: images/own_balancing/w_5000_r_500.png  used on input l
ine 1361.
(pdftex.def)             Requested size: 469.47049pt x 352.11952pt.
[69] [70 <./images/lb_custom/w_10_r_500.png>] [71 <./images/lb_custom/w_100_r_5
00.png>] [72 <./images/lb_custom/w_3000_r_500.png>] [73 <./images/lb_custom/w_5
000_r_500.png>] [74 <./images/lb_haproxy_configuration/w_10_r_500.png>]
[75 <./images/lb_haproxy_configuration/w_100_r_500.png>] [76 <./images/lb_hapro
xy_configuration/w_3000_r_500.png>] [77 <./images/lb_haproxy_configuration/w_50
00_r_500.png>] [78 <./images/own_balancing/w_10_r_500.png>] [79 <./images/own_b
alancing/w_100_r_500.png>] [80 <./images/own_balancing/w_3000_r_500.png>]
[81 <./images/own_balancing/w_5000_r_500.png>]
{\cyrillictext \CYRG \cyrl \cyra \cyrv \cyra } 4.
[82

]
{\cyrillictext \CYRG \cyrl \cyra \cyrv \cyra } 5.
[83

] [84] [85]
Overfull \hbox (14.27322pt too wide) in paragraph at lines 1446--1447
[]\T2A/ptm/m/it/14.4 Сформованi ме-то-ди оцiн-ки мет-рик для оцi-ню-ван-ня CAP-
характеристик 
 []

[86]
Package atveryend Info: Empty hook `BeforeClearDocument' on input line 1491.
 [87

]
Package atveryend Info: Empty hook `AfterLastShipout' on input line 1491.
 (./phd.aux)
Package atveryend Info: Executing hook `AtVeryEndDocument' on input line 1491.
Package atveryend Info: Executing hook `AtEndAfterFileList' on input line 1491.

Package rerunfilecheck Info: File `phd.out' has not changed.
(rerunfilecheck)             Checksum: 1D787061BBEE5C84FD4409748D60B8A9;8358.


LaTeX Font Warning: Some font shapes were not available, defaults substituted.


LaTeX Warning: There were undefined references.

Package atveryend Info: Empty hook `AtVeryVeryEnd' on input line 1491.
 ) 
Here is how much of TeX's memory you used:
 22109 strings out of 492616
 342073 string characters out of 6135177
 637067 words of memory out of 5000000
 25392 multiletter control sequences out of 15000+600000
 38687 words of font info for 89 fonts, out of 8000000 for 9000
 1141 hyphenation exceptions out of 8191
 48i,9n,99p,1784b,2107s stack positions out of 5000i,500n,10000p,200000b,80000s
{/usr/share/texmf-dist/fonts/enc/dvips/cm-super/cm-super-t2a.enc}{/usr/share/
texmf-dist/fonts/enc/dvips/base/8r.enc}</usr/share/texmf-dist/fonts/type1/publi
c/amsfonts/cm/cmex10.pfb></usr/share/texmf-dist/fonts/type1/public/amsfonts/cm/
cmmi10.pfb></usr/share/texmf-dist/fonts/type1/public/amsfonts/cm/cmr10.pfb></us
r/share/texmf-dist/fonts/type1/public/amsfonts/cm/cmsy10.pfb></usr/share/texmf-
dist/fonts/type1/public/amsfonts/symbols/msam10.pfb></usr/share/texmf-dist/font
s/type1/public/cm-super/sfrm0700.pfb></usr/share/texmf-dist/fonts/type1/public/
cm-super/sfrm1000.pfb></usr/share/texmf-dist/fonts/type1/public/cm-super/sfrm10
95.pfb></usr/share/texmf-dist/fonts/type1/public/cm-super/sfrm1200.pfb></usr/sh
are/texmf-dist/fonts/type1/public/cm-super/sfrm1440.pfb></usr/share/texmf-dist/
fonts/type1/public/cm-super/sfrm1728.pfb></usr/share/texmf-dist/fonts/type1/urw
/symbol/usyr.pfb></usr/share/texmf-dist/fonts/type1/urw/times/utmb8a.pfb></usr/
share/texmf-dist/fonts/type1/urw/times/utmr8a.pfb></usr/share/texmf-dist/fonts/
type1/urw/times/utmri8a.pfb>
Output written on phd.pdf (87 pages, 1636942 bytes).
PDF statistics:
 836 PDF objects out of 1000 (max. 8388607)
 666 compressed objects within 7 object streams
 227 named destinations out of 1000 (max. 500000)
 392 words of extra memory for PDF output out of 10000 (max. 10000000)

